[2026-05-26T04:17:04.311+0000] {taskinstance.py:1157} INFO - Dependencies all met for dep_context=non-requeueable deps ti=<TaskInstance: olist_data_ingestion.ingest_geolocation manual__2026-05-26T04:17:01.276603+00:00 [queued]>
[2026-05-26T04:17:04.329+0000] {taskinstance.py:1157} INFO - Dependencies all met for dep_context=requeueable deps ti=<TaskInstance: olist_data_ingestion.ingest_geolocation manual__2026-05-26T04:17:01.276603+00:00 [queued]>
[2026-05-26T04:17:04.330+0000] {taskinstance.py:1359} INFO - Starting attempt 1 of 2
[2026-05-26T04:17:04.361+0000] {taskinstance.py:1380} INFO - Executing <Task(PythonOperator): ingest_geolocation> on 2026-05-26 04:17:01.276603+00:00
[2026-05-26T04:17:04.370+0000] {standard_task_runner.py:57} INFO - Started process 204 to run task
[2026-05-26T04:17:04.375+0000] {standard_task_runner.py:84} INFO - Running: ['airflow', 'tasks', 'run', 'olist_data_ingestion', 'ingest_geolocation', 'manual__2026-05-26T04:17:01.276603+00:00', '--job-id', '5', '--raw', '--subdir', 'DAGS_FOLDER/ingest_data_dag.py', '--cfg-path', '/tmp/tmpeonvkv7u']
[2026-05-26T04:17:04.383+0000] {standard_task_runner.py:85} INFO - Job 5: Subtask ingest_geolocation
[2026-05-26T04:17:04.492+0000] {task_command.py:415} INFO - Running <TaskInstance: olist_data_ingestion.ingest_geolocation manual__2026-05-26T04:17:01.276603+00:00 [running]> on host 5cf72765c701
[2026-05-26T04:17:04.660+0000] {taskinstance.py:1660} INFO - Exporting env vars: AIRFLOW_CTX_DAG_OWNER='data_engineer' AIRFLOW_CTX_DAG_ID='olist_data_ingestion' AIRFLOW_CTX_TASK_ID='ingest_geolocation' AIRFLOW_CTX_EXECUTION_DATE='2026-05-26T04:17:01.276603+00:00' AIRFLOW_CTX_TRY_NUMBER='1' AIRFLOW_CTX_DAG_RUN_ID='manual__2026-05-26T04:17:01.276603+00:00'
[2026-05-26T04:17:04.663+0000] {logging_mixin.py:151} INFO - Starting ingestion of olist_geolocation_dataset.csv into topic olist_geolocation...
[2026-05-26T04:17:04.666+0000] {kafka_producer.py:40} INFO - Connecting to Kafka broker at kafka:29092...
[2026-05-26T04:17:04.671+0000] {conn.py:400} INFO - <BrokerConnection client_id=kafka-python-producer-1, node_id=bootstrap-0 host=kafka:29092 <connecting> [IPv4 ('172.21.0.5', 29092)]>: connecting to kafka:29092 [('172.21.0.5', 29092) IPv4]
[2026-05-26T04:17:04.683+0000] {conn.py:622} INFO - <BrokerConnection client_id=kafka-python-producer-1, node_id=bootstrap-0 host=kafka:29092 <checking_api_versions_recv> [IPv4 ('172.21.0.5', 29092)]>: Broker version identified as 2.6
[2026-05-26T04:17:04.684+0000] {conn.py:461} INFO - <BrokerConnection client_id=kafka-python-producer-1, node_id=bootstrap-0 host=kafka:29092 <connected> [IPv4 ('172.21.0.5', 29092)]>: Connection complete.
[2026-05-26T04:17:04.688+0000] {kafka_producer.py:54} INFO - Starting ingestion: [File: olist_geolocation_dataset.csv] -> [Topic: olist_geolocation]
[2026-05-26T04:17:04.792+0000] {conn.py:400} INFO - <BrokerConnection client_id=kafka-python-producer-1, node_id=1 host=kafka:29092 <connecting> [IPv4 ('172.21.0.5', 29092)]>: connecting to kafka:29092 [('172.21.0.5', 29092) IPv4]
[2026-05-26T04:17:04.794+0000] {conn.py:461} INFO - <BrokerConnection client_id=kafka-python-producer-1, node_id=1 host=kafka:29092 <connected> [IPv4 ('172.21.0.5', 29092)]>: Connection complete.
[2026-05-26T04:17:04.794+0000] {conn.py:951} INFO - <BrokerConnection client_id=kafka-python-producer-1, node_id=bootstrap-0 host=kafka:29092 <connected> [IPv4 ('172.21.0.5', 29092)]>: Closing connection. 
[2026-05-26T04:17:04.832+0000] {cluster.py:315} WARNING - Topic olist_geolocation is not available during auto-create initialization
[2026-05-26T04:17:04.941+0000] {cluster.py:315} WARNING - Topic olist_geolocation is not available during auto-create initialization
[2026-05-26T04:17:08.304+0000] {kafka_producer.py:76} INFO - Ingested 20000 records so far...
[2026-05-26T04:17:10.861+0000] {kafka_producer.py:76} INFO - Ingested 40000 records so far...
[2026-05-26T04:17:13.345+0000] {kafka_producer.py:76} INFO - Ingested 60000 records so far...
[2026-05-26T04:17:15.936+0000] {kafka_producer.py:76} INFO - Ingested 80000 records so far...
[2026-05-26T04:17:18.681+0000] {kafka_producer.py:76} INFO - Ingested 100000 records so far...
[2026-05-26T04:17:21.327+0000] {kafka_producer.py:76} INFO - Ingested 120000 records so far...
[2026-05-26T04:17:23.799+0000] {kafka_producer.py:76} INFO - Ingested 140000 records so far...
[2026-05-26T04:17:26.177+0000] {kafka_producer.py:76} INFO - Ingested 160000 records so far...
[2026-05-26T04:17:28.859+0000] {kafka_producer.py:76} INFO - Ingested 180000 records so far...
[2026-05-26T04:17:31.373+0000] {kafka_producer.py:76} INFO - Ingested 200000 records so far...
[2026-05-26T04:17:33.927+0000] {kafka_producer.py:76} INFO - Ingested 220000 records so far...
[2026-05-26T04:17:36.589+0000] {kafka_producer.py:76} INFO - Ingested 240000 records so far...
[2026-05-26T04:17:39.103+0000] {kafka_producer.py:76} INFO - Ingested 260000 records so far...
[2026-05-26T04:17:41.404+0000] {kafka_producer.py:76} INFO - Ingested 280000 records so far...
[2026-05-26T04:17:43.679+0000] {kafka_producer.py:76} INFO - Ingested 300000 records so far...
[2026-05-26T04:17:46.234+0000] {kafka_producer.py:76} INFO - Ingested 320000 records so far...
[2026-05-26T04:17:48.661+0000] {kafka_producer.py:76} INFO - Ingested 340000 records so far...
[2026-05-26T04:17:51.233+0000] {kafka_producer.py:76} INFO - Ingested 360000 records so far...
[2026-05-26T04:17:55.296+0000] {kafka_producer.py:76} INFO - Ingested 380000 records so far...
[2026-05-26T04:17:59.982+0000] {kafka_producer.py:76} INFO - Ingested 400000 records so far...
[2026-05-26T04:18:04.524+0000] {kafka_producer.py:76} INFO - Ingested 420000 records so far...
[2026-05-26T04:18:08.161+0000] {kafka_producer.py:76} INFO - Ingested 440000 records so far...
[2026-05-26T04:18:11.304+0000] {kafka_producer.py:76} INFO - Ingested 460000 records so far...
[2026-05-26T04:18:14.461+0000] {kafka_producer.py:76} INFO - Ingested 480000 records so far...
[2026-05-26T04:18:17.250+0000] {kafka_producer.py:76} INFO - Ingested 500000 records so far...
[2026-05-26T04:18:19.826+0000] {kafka_producer.py:76} INFO - Ingested 520000 records so far...
[2026-05-26T04:18:22.296+0000] {kafka_producer.py:76} INFO - Ingested 540000 records so far...
[2026-05-26T04:18:25.077+0000] {kafka_producer.py:76} INFO - Ingested 560000 records so far...
[2026-05-26T04:18:27.593+0000] {kafka_producer.py:76} INFO - Ingested 580000 records so far...
[2026-05-26T04:18:29.996+0000] {kafka_producer.py:76} INFO - Ingested 600000 records so far...
[2026-05-26T04:18:32.429+0000] {kafka_producer.py:76} INFO - Ingested 620000 records so far...
[2026-05-26T04:18:35.150+0000] {kafka_producer.py:76} INFO - Ingested 640000 records so far...
[2026-05-26T04:18:37.574+0000] {kafka_producer.py:76} INFO - Ingested 660000 records so far...
[2026-05-26T04:18:40.440+0000] {kafka_producer.py:76} INFO - Ingested 680000 records so far...
[2026-05-26T04:18:43.052+0000] {kafka_producer.py:76} INFO - Ingested 700000 records so far...
[2026-05-26T04:18:45.512+0000] {kafka_producer.py:76} INFO - Ingested 720000 records so far...
[2026-05-26T04:18:48.169+0000] {kafka_producer.py:76} INFO - Ingested 740000 records so far...
[2026-05-26T04:18:50.615+0000] {kafka_producer.py:76} INFO - Ingested 760000 records so far...
[2026-05-26T04:18:53.132+0000] {kafka_producer.py:76} INFO - Ingested 780000 records so far...
[2026-05-26T04:18:55.603+0000] {kafka_producer.py:76} INFO - Ingested 800000 records so far...
[2026-05-26T04:18:58.219+0000] {kafka_producer.py:76} INFO - Ingested 820000 records so far...
[2026-05-26T04:19:00.710+0000] {kafka_producer.py:76} INFO - Ingested 840000 records so far...
[2026-05-26T04:19:03.616+0000] {kafka_producer.py:76} INFO - Ingested 860000 records so far...
[2026-05-26T04:19:06.337+0000] {kafka_producer.py:76} INFO - Ingested 880000 records so far...
[2026-05-26T04:19:08.996+0000] {kafka_producer.py:76} INFO - Ingested 900000 records so far...
[2026-05-26T04:19:11.495+0000] {kafka_producer.py:76} INFO - Ingested 920000 records so far...
[2026-05-26T04:19:14.501+0000] {kafka_producer.py:76} INFO - Ingested 940000 records so far...
[2026-05-26T04:19:17.298+0000] {kafka_producer.py:76} INFO - Ingested 960000 records so far...
[2026-05-26T04:19:20.294+0000] {kafka_producer.py:76} INFO - Ingested 980000 records so far...
[2026-05-26T04:19:23.222+0000] {kafka_producer.py:76} INFO - Ingested 1000000 records so far...
[2026-05-26T04:19:23.249+0000] {kafka_producer.py:79} INFO - Flushing producer batches to broker...
[2026-05-26T04:19:23.251+0000] {kafka_producer.py:81} INFO - Ingestion completed successfully! Total records sent: 1000163
[2026-05-26T04:19:23.252+0000] {kafka.py:633} INFO - <KafkaProducer client_id=kafka-python-producer-1 transactional_id=None>: Closing the Kafka producer with 9223372036.0 secs timeout.
[2026-05-26T04:19:23.253+0000] {conn.py:951} INFO - <BrokerConnection client_id=kafka-python-producer-1, node_id=1 host=kafka:29092 <connected> [IPv4 ('172.21.0.5', 29092)]>: Closing connection. 
[2026-05-26T04:19:23.255+0000] {logging_mixin.py:151} INFO - Ingestion successful for olist_geolocation_dataset.csv!
[2026-05-26T04:19:23.256+0000] {python.py:194} INFO - Done. Returned value was: None
[2026-05-26T04:19:23.270+0000] {taskinstance.py:1398} INFO - Marking task as SUCCESS. dag_id=olist_data_ingestion, task_id=ingest_geolocation, execution_date=20260526T041701, start_date=20260526T041704, end_date=20260526T041923
[2026-05-26T04:19:23.326+0000] {local_task_job_runner.py:228} INFO - Task exited with return code 0
[2026-05-26T04:19:23.375+0000] {taskinstance.py:2776} INFO - 1 downstream tasks scheduled from follow-on schedule check
