[2026-05-31T11:06:44.966+0000] {taskinstance.py:1157} INFO - Dependencies all met for dep_context=non-requeueable deps ti=<TaskInstance: olist_data_ingestion.ingest_geolocation manual__2026-05-31T11:06:41.926100+00:00 [queued]>
[2026-05-31T11:06:44.976+0000] {taskinstance.py:1157} INFO - Dependencies all met for dep_context=requeueable deps ti=<TaskInstance: olist_data_ingestion.ingest_geolocation manual__2026-05-31T11:06:41.926100+00:00 [queued]>
[2026-05-31T11:06:44.978+0000] {taskinstance.py:1359} INFO - Starting attempt 1 of 2
[2026-05-31T11:06:44.993+0000] {taskinstance.py:1380} INFO - Executing <Task(PythonOperator): ingest_geolocation> on 2026-05-31 11:06:41.926100+00:00
[2026-05-31T11:06:45.001+0000] {standard_task_runner.py:57} INFO - Started process 242 to run task
[2026-05-31T11:06:45.006+0000] {standard_task_runner.py:84} INFO - Running: ['airflow', 'tasks', 'run', 'olist_data_ingestion', 'ingest_geolocation', 'manual__2026-05-31T11:06:41.926100+00:00', '--job-id', '6', '--raw', '--subdir', 'DAGS_FOLDER/ingest_data_dag.py', '--cfg-path', '/tmp/tmppn0k_22h']
[2026-05-31T11:06:45.009+0000] {standard_task_runner.py:85} INFO - Job 6: Subtask ingest_geolocation
[2026-05-31T11:06:45.103+0000] {task_command.py:415} INFO - Running <TaskInstance: olist_data_ingestion.ingest_geolocation manual__2026-05-31T11:06:41.926100+00:00 [running]> on host 3dcf11b00832
[2026-05-31T11:06:45.234+0000] {taskinstance.py:1660} INFO - Exporting env vars: AIRFLOW_CTX_DAG_OWNER='data_engineer' AIRFLOW_CTX_DAG_ID='olist_data_ingestion' AIRFLOW_CTX_TASK_ID='ingest_geolocation' AIRFLOW_CTX_EXECUTION_DATE='2026-05-31T11:06:41.926100+00:00' AIRFLOW_CTX_TRY_NUMBER='1' AIRFLOW_CTX_DAG_RUN_ID='manual__2026-05-31T11:06:41.926100+00:00'
[2026-05-31T11:06:45.236+0000] {logging_mixin.py:151} INFO - Starting ingestion of olist_geolocation_dataset.csv into topic olist_geolocation...
[2026-05-31T11:06:45.238+0000] {kafka_producer.py:40} INFO - Connecting to Kafka broker at kafka:29092...
[2026-05-31T11:06:45.242+0000] {conn.py:400} INFO - <BrokerConnection client_id=kafka-python-producer-1, node_id=bootstrap-0 host=kafka:29092 <connecting> [IPv4 ('172.19.0.5', 29092)]>: connecting to kafka:29092 [('172.19.0.5', 29092) IPv4]
[2026-05-31T11:06:45.267+0000] {conn.py:622} INFO - <BrokerConnection client_id=kafka-python-producer-1, node_id=bootstrap-0 host=kafka:29092 <checking_api_versions_recv> [IPv4 ('172.19.0.5', 29092)]>: Broker version identified as 2.6
[2026-05-31T11:06:45.268+0000] {conn.py:461} INFO - <BrokerConnection client_id=kafka-python-producer-1, node_id=bootstrap-0 host=kafka:29092 <connected> [IPv4 ('172.19.0.5', 29092)]>: Connection complete.
[2026-05-31T11:06:45.270+0000] {kafka_producer.py:54} INFO - Starting ingestion: [File: olist_geolocation_dataset.csv] -> [Topic: olist_geolocation]
[2026-05-31T11:06:45.391+0000] {conn.py:400} INFO - <BrokerConnection client_id=kafka-python-producer-1, node_id=1 host=kafka:29092 <connecting> [IPv4 ('172.19.0.5', 29092)]>: connecting to kafka:29092 [('172.19.0.5', 29092) IPv4]
[2026-05-31T11:06:45.397+0000] {conn.py:461} INFO - <BrokerConnection client_id=kafka-python-producer-1, node_id=1 host=kafka:29092 <connected> [IPv4 ('172.19.0.5', 29092)]>: Connection complete.
[2026-05-31T11:06:45.400+0000] {conn.py:951} INFO - <BrokerConnection client_id=kafka-python-producer-1, node_id=bootstrap-0 host=kafka:29092 <connected> [IPv4 ('172.19.0.5', 29092)]>: Closing connection. 
[2026-05-31T11:06:45.525+0000] {cluster.py:315} WARNING - Topic olist_geolocation is not available during auto-create initialization
[2026-05-31T11:06:45.635+0000] {cluster.py:315} WARNING - Topic olist_geolocation is not available during auto-create initialization
[2026-05-31T11:06:45.745+0000] {cluster.py:315} WARNING - Topic olist_geolocation is not available during auto-create initialization
[2026-05-31T11:06:48.454+0000] {kafka_producer.py:76} INFO - Ingested 20000 records so far...
[2026-05-31T11:06:51.780+0000] {kafka_producer.py:76} INFO - Ingested 40000 records so far...
[2026-05-31T11:06:55.031+0000] {kafka_producer.py:76} INFO - Ingested 60000 records so far...
[2026-05-31T11:06:57.654+0000] {kafka_producer.py:76} INFO - Ingested 80000 records so far...
[2026-05-31T11:06:59.595+0000] {kafka_producer.py:76} INFO - Ingested 100000 records so far...
[2026-05-31T11:07:01.948+0000] {kafka_producer.py:76} INFO - Ingested 120000 records so far...
[2026-05-31T11:07:04.128+0000] {kafka_producer.py:76} INFO - Ingested 140000 records so far...
[2026-05-31T11:07:07.076+0000] {kafka_producer.py:76} INFO - Ingested 160000 records so far...
[2026-05-31T11:07:09.830+0000] {kafka_producer.py:76} INFO - Ingested 180000 records so far...
[2026-05-31T11:07:11.646+0000] {kafka_producer.py:76} INFO - Ingested 200000 records so far...
[2026-05-31T11:07:13.761+0000] {kafka_producer.py:76} INFO - Ingested 220000 records so far...
[2026-05-31T11:07:15.804+0000] {kafka_producer.py:76} INFO - Ingested 240000 records so far...
[2026-05-31T11:07:17.643+0000] {kafka_producer.py:76} INFO - Ingested 260000 records so far...
[2026-05-31T11:07:19.637+0000] {kafka_producer.py:76} INFO - Ingested 280000 records so far...
[2026-05-31T11:07:21.567+0000] {kafka_producer.py:76} INFO - Ingested 300000 records so far...
[2026-05-31T11:07:23.409+0000] {kafka_producer.py:76} INFO - Ingested 320000 records so far...
[2026-05-31T11:07:25.461+0000] {kafka_producer.py:76} INFO - Ingested 340000 records so far...
[2026-05-31T11:07:27.711+0000] {kafka_producer.py:76} INFO - Ingested 360000 records so far...
[2026-05-31T11:07:30.071+0000] {kafka_producer.py:76} INFO - Ingested 380000 records so far...
[2026-05-31T11:07:32.349+0000] {kafka_producer.py:76} INFO - Ingested 400000 records so far...
[2026-05-31T11:07:34.375+0000] {kafka_producer.py:76} INFO - Ingested 420000 records so far...
[2026-05-31T11:07:36.506+0000] {kafka_producer.py:76} INFO - Ingested 440000 records so far...
[2026-05-31T11:07:38.410+0000] {kafka_producer.py:76} INFO - Ingested 460000 records so far...
[2026-05-31T11:07:40.437+0000] {kafka_producer.py:76} INFO - Ingested 480000 records so far...
[2026-05-31T11:07:42.395+0000] {kafka_producer.py:76} INFO - Ingested 500000 records so far...
[2026-05-31T11:07:44.113+0000] {kafka_producer.py:76} INFO - Ingested 520000 records so far...
[2026-05-31T11:07:46.147+0000] {kafka_producer.py:76} INFO - Ingested 540000 records so far...
[2026-05-31T11:07:47.992+0000] {kafka_producer.py:76} INFO - Ingested 560000 records so far...
[2026-05-31T11:07:49.861+0000] {kafka_producer.py:76} INFO - Ingested 580000 records so far...
[2026-05-31T11:07:52.236+0000] {kafka_producer.py:76} INFO - Ingested 600000 records so far...
[2026-05-31T11:07:54.813+0000] {kafka_producer.py:76} INFO - Ingested 620000 records so far...
[2026-05-31T11:07:57.192+0000] {kafka_producer.py:76} INFO - Ingested 640000 records so far...
[2026-05-31T11:07:59.575+0000] {kafka_producer.py:76} INFO - Ingested 660000 records so far...
[2026-05-31T11:08:01.846+0000] {kafka_producer.py:76} INFO - Ingested 680000 records so far...
[2026-05-31T11:08:03.824+0000] {kafka_producer.py:76} INFO - Ingested 700000 records so far...
[2026-05-31T11:08:05.802+0000] {kafka_producer.py:76} INFO - Ingested 720000 records so far...
[2026-05-31T11:08:08.043+0000] {kafka_producer.py:76} INFO - Ingested 740000 records so far...
[2026-05-31T11:08:10.347+0000] {kafka_producer.py:76} INFO - Ingested 760000 records so far...
[2026-05-31T11:08:12.215+0000] {kafka_producer.py:76} INFO - Ingested 780000 records so far...
[2026-05-31T11:08:14.383+0000] {kafka_producer.py:76} INFO - Ingested 800000 records so far...
[2026-05-31T11:08:16.791+0000] {kafka_producer.py:76} INFO - Ingested 820000 records so far...
[2026-05-31T11:08:19.838+0000] {kafka_producer.py:76} INFO - Ingested 840000 records so far...
[2026-05-31T11:08:21.791+0000] {kafka_producer.py:76} INFO - Ingested 860000 records so far...
[2026-05-31T11:08:23.922+0000] {kafka_producer.py:76} INFO - Ingested 880000 records so far...
[2026-05-31T11:08:25.967+0000] {kafka_producer.py:76} INFO - Ingested 900000 records so far...
[2026-05-31T11:08:27.837+0000] {kafka_producer.py:76} INFO - Ingested 920000 records so far...
[2026-05-31T11:08:30.017+0000] {kafka_producer.py:76} INFO - Ingested 940000 records so far...
[2026-05-31T11:08:32.389+0000] {kafka_producer.py:76} INFO - Ingested 960000 records so far...
[2026-05-31T11:08:34.598+0000] {kafka_producer.py:76} INFO - Ingested 980000 records so far...
[2026-05-31T11:08:36.461+0000] {kafka_producer.py:76} INFO - Ingested 1000000 records so far...
[2026-05-31T11:08:36.482+0000] {kafka_producer.py:79} INFO - Flushing producer batches to broker...
[2026-05-31T11:08:36.488+0000] {kafka_producer.py:81} INFO - Ingestion completed successfully! Total records sent: 1000163
[2026-05-31T11:08:36.489+0000] {kafka.py:633} INFO - <KafkaProducer client_id=kafka-python-producer-1 transactional_id=None>: Closing the Kafka producer with 9223372036.0 secs timeout.
[2026-05-31T11:08:36.490+0000] {conn.py:951} INFO - <BrokerConnection client_id=kafka-python-producer-1, node_id=1 host=kafka:29092 <connected> [IPv4 ('172.19.0.5', 29092)]>: Closing connection. 
[2026-05-31T11:08:36.492+0000] {logging_mixin.py:151} INFO - Ingestion successful for olist_geolocation_dataset.csv!
[2026-05-31T11:08:36.493+0000] {python.py:194} INFO - Done. Returned value was: None
[2026-05-31T11:08:36.509+0000] {taskinstance.py:1398} INFO - Marking task as SUCCESS. dag_id=olist_data_ingestion, task_id=ingest_geolocation, execution_date=20260531T110641, start_date=20260531T110644, end_date=20260531T110836
[2026-05-31T11:08:36.583+0000] {local_task_job_runner.py:228} INFO - Task exited with return code 0
[2026-05-31T11:08:36.636+0000] {taskinstance.py:2776} INFO - 1 downstream tasks scheduled from follow-on schedule check
