[2026-05-31T11:05:12.725+0000] {processor.py:157} INFO - Started process (PID=190) to work on /opt/airflow/dags/ingest_data_dag.py
[2026-05-31T11:05:12.727+0000] {processor.py:829} INFO - Processing file /opt/airflow/dags/ingest_data_dag.py for tasks to queue
[2026-05-31T11:05:12.728+0000] {logging_mixin.py:151} INFO - [2026-05-31T11:05:12.727+0000] {dagbag.py:539} INFO - Filling up the DagBag from /opt/airflow/dags/ingest_data_dag.py
[2026-05-31T11:05:13.381+0000] {processor.py:839} INFO - DAG(s) dict_keys(['olist_data_ingestion']) retrieved from /opt/airflow/dags/ingest_data_dag.py
[2026-05-31T11:05:13.515+0000] {logging_mixin.py:151} INFO - [2026-05-31T11:05:13.515+0000] {manager.py:499} INFO - Created Permission View: %s
[2026-05-31T11:05:13.529+0000] {logging_mixin.py:151} INFO - [2026-05-31T11:05:13.528+0000] {manager.py:499} INFO - Created Permission View: %s
[2026-05-31T11:05:13.538+0000] {logging_mixin.py:151} INFO - [2026-05-31T11:05:13.537+0000] {manager.py:499} INFO - Created Permission View: %s
[2026-05-31T11:05:13.539+0000] {logging_mixin.py:151} INFO - [2026-05-31T11:05:13.539+0000] {security.py:708} INFO - Not syncing DAG-level permissions for DAG 'DAG:olist_data_ingestion' as access control is unset.
[2026-05-31T11:05:13.540+0000] {logging_mixin.py:151} INFO - [2026-05-31T11:05:13.540+0000] {dag.py:2915} INFO - Sync 1 DAGs
[2026-05-31T11:05:13.559+0000] {logging_mixin.py:151} INFO - [2026-05-31T11:05:13.558+0000] {dag.py:2937} INFO - Creating ORM DAG for olist_data_ingestion
[2026-05-31T11:05:13.560+0000] {logging_mixin.py:151} INFO - [2026-05-31T11:05:13.560+0000] {dag.py:3696} INFO - Setting next_dagrun for olist_data_ingestion to None, run_after=None
[2026-05-31T11:05:13.606+0000] {processor.py:179} INFO - Processing /opt/airflow/dags/ingest_data_dag.py took 0.886 seconds
[2026-05-31T11:05:44.024+0000] {processor.py:157} INFO - Started process (PID=205) to work on /opt/airflow/dags/ingest_data_dag.py
[2026-05-31T11:05:44.026+0000] {processor.py:829} INFO - Processing file /opt/airflow/dags/ingest_data_dag.py for tasks to queue
[2026-05-31T11:05:44.027+0000] {logging_mixin.py:151} INFO - [2026-05-31T11:05:44.027+0000] {dagbag.py:539} INFO - Filling up the DagBag from /opt/airflow/dags/ingest_data_dag.py
[2026-05-31T11:05:44.411+0000] {processor.py:839} INFO - DAG(s) dict_keys(['olist_data_ingestion']) retrieved from /opt/airflow/dags/ingest_data_dag.py
[2026-05-31T11:05:44.443+0000] {logging_mixin.py:151} INFO - [2026-05-31T11:05:44.442+0000] {dag.py:2915} INFO - Sync 1 DAGs
[2026-05-31T11:05:44.455+0000] {logging_mixin.py:151} INFO - [2026-05-31T11:05:44.455+0000] {dag.py:3696} INFO - Setting next_dagrun for olist_data_ingestion to None, run_after=None
[2026-05-31T11:05:44.478+0000] {processor.py:179} INFO - Processing /opt/airflow/dags/ingest_data_dag.py took 0.459 seconds
[2026-05-31T11:06:14.631+0000] {processor.py:157} INFO - Started process (PID=220) to work on /opt/airflow/dags/ingest_data_dag.py
[2026-05-31T11:06:14.632+0000] {processor.py:829} INFO - Processing file /opt/airflow/dags/ingest_data_dag.py for tasks to queue
[2026-05-31T11:06:14.634+0000] {logging_mixin.py:151} INFO - [2026-05-31T11:06:14.633+0000] {dagbag.py:539} INFO - Filling up the DagBag from /opt/airflow/dags/ingest_data_dag.py
[2026-05-31T11:06:15.003+0000] {processor.py:839} INFO - DAG(s) dict_keys(['olist_data_ingestion']) retrieved from /opt/airflow/dags/ingest_data_dag.py
[2026-05-31T11:06:15.039+0000] {logging_mixin.py:151} INFO - [2026-05-31T11:06:15.038+0000] {dag.py:2915} INFO - Sync 1 DAGs
[2026-05-31T11:06:15.079+0000] {logging_mixin.py:151} INFO - [2026-05-31T11:06:15.079+0000] {dag.py:3696} INFO - Setting next_dagrun for olist_data_ingestion to None, run_after=None
[2026-05-31T11:06:15.117+0000] {processor.py:179} INFO - Processing /opt/airflow/dags/ingest_data_dag.py took 0.491 seconds
[2026-05-31T11:06:45.579+0000] {processor.py:157} INFO - Started process (PID=250) to work on /opt/airflow/dags/ingest_data_dag.py
[2026-05-31T11:06:45.580+0000] {processor.py:829} INFO - Processing file /opt/airflow/dags/ingest_data_dag.py for tasks to queue
[2026-05-31T11:06:45.582+0000] {logging_mixin.py:151} INFO - [2026-05-31T11:06:45.581+0000] {dagbag.py:539} INFO - Filling up the DagBag from /opt/airflow/dags/ingest_data_dag.py
[2026-05-31T11:06:46.096+0000] {processor.py:839} INFO - DAG(s) dict_keys(['olist_data_ingestion']) retrieved from /opt/airflow/dags/ingest_data_dag.py
[2026-05-31T11:06:46.160+0000] {logging_mixin.py:151} INFO - [2026-05-31T11:06:46.159+0000] {dag.py:2915} INFO - Sync 1 DAGs
[2026-05-31T11:06:46.183+0000] {logging_mixin.py:151} INFO - [2026-05-31T11:06:46.183+0000] {dag.py:3696} INFO - Setting next_dagrun for olist_data_ingestion to None, run_after=None
[2026-05-31T11:06:46.218+0000] {processor.py:179} INFO - Processing /opt/airflow/dags/ingest_data_dag.py took 0.644 seconds
[2026-05-31T11:07:16.682+0000] {processor.py:157} INFO - Started process (PID=275) to work on /opt/airflow/dags/ingest_data_dag.py
[2026-05-31T11:07:16.683+0000] {processor.py:829} INFO - Processing file /opt/airflow/dags/ingest_data_dag.py for tasks to queue
[2026-05-31T11:07:16.684+0000] {logging_mixin.py:151} INFO - [2026-05-31T11:07:16.684+0000] {dagbag.py:539} INFO - Filling up the DagBag from /opt/airflow/dags/ingest_data_dag.py
[2026-05-31T11:07:17.044+0000] {processor.py:839} INFO - DAG(s) dict_keys(['olist_data_ingestion']) retrieved from /opt/airflow/dags/ingest_data_dag.py
[2026-05-31T11:07:17.078+0000] {logging_mixin.py:151} INFO - [2026-05-31T11:07:17.078+0000] {dag.py:2915} INFO - Sync 1 DAGs
[2026-05-31T11:07:17.093+0000] {logging_mixin.py:151} INFO - [2026-05-31T11:07:17.093+0000] {dag.py:3696} INFO - Setting next_dagrun for olist_data_ingestion to None, run_after=None
[2026-05-31T11:07:17.122+0000] {processor.py:179} INFO - Processing /opt/airflow/dags/ingest_data_dag.py took 0.443 seconds
[2026-05-31T11:07:47.296+0000] {processor.py:157} INFO - Started process (PID=290) to work on /opt/airflow/dags/ingest_data_dag.py
[2026-05-31T11:07:47.297+0000] {processor.py:829} INFO - Processing file /opt/airflow/dags/ingest_data_dag.py for tasks to queue
[2026-05-31T11:07:47.299+0000] {logging_mixin.py:151} INFO - [2026-05-31T11:07:47.298+0000] {dagbag.py:539} INFO - Filling up the DagBag from /opt/airflow/dags/ingest_data_dag.py
[2026-05-31T11:07:47.598+0000] {processor.py:839} INFO - DAG(s) dict_keys(['olist_data_ingestion']) retrieved from /opt/airflow/dags/ingest_data_dag.py
[2026-05-31T11:07:47.629+0000] {logging_mixin.py:151} INFO - [2026-05-31T11:07:47.628+0000] {dag.py:2915} INFO - Sync 1 DAGs
[2026-05-31T11:07:47.642+0000] {logging_mixin.py:151} INFO - [2026-05-31T11:07:47.642+0000] {dag.py:3696} INFO - Setting next_dagrun for olist_data_ingestion to None, run_after=None
[2026-05-31T11:07:47.665+0000] {processor.py:179} INFO - Processing /opt/airflow/dags/ingest_data_dag.py took 0.372 seconds
[2026-05-31T11:08:17.949+0000] {processor.py:157} INFO - Started process (PID=312) to work on /opt/airflow/dags/ingest_data_dag.py
[2026-05-31T11:08:17.950+0000] {processor.py:829} INFO - Processing file /opt/airflow/dags/ingest_data_dag.py for tasks to queue
[2026-05-31T11:08:17.951+0000] {logging_mixin.py:151} INFO - [2026-05-31T11:08:17.951+0000] {dagbag.py:539} INFO - Filling up the DagBag from /opt/airflow/dags/ingest_data_dag.py
[2026-05-31T11:08:18.147+0000] {processor.py:839} INFO - DAG(s) dict_keys(['olist_data_ingestion']) retrieved from /opt/airflow/dags/ingest_data_dag.py
[2026-05-31T11:08:18.183+0000] {logging_mixin.py:151} INFO - [2026-05-31T11:08:18.182+0000] {dag.py:2915} INFO - Sync 1 DAGs
[2026-05-31T11:08:18.201+0000] {logging_mixin.py:151} INFO - [2026-05-31T11:08:18.201+0000] {dag.py:3696} INFO - Setting next_dagrun for olist_data_ingestion to None, run_after=None
[2026-05-31T11:08:18.226+0000] {processor.py:179} INFO - Processing /opt/airflow/dags/ingest_data_dag.py took 0.284 seconds
[2026-05-31T11:08:48.423+0000] {processor.py:157} INFO - Started process (PID=330) to work on /opt/airflow/dags/ingest_data_dag.py
[2026-05-31T11:08:48.424+0000] {processor.py:829} INFO - Processing file /opt/airflow/dags/ingest_data_dag.py for tasks to queue
[2026-05-31T11:08:48.426+0000] {logging_mixin.py:151} INFO - [2026-05-31T11:08:48.425+0000] {dagbag.py:539} INFO - Filling up the DagBag from /opt/airflow/dags/ingest_data_dag.py
[2026-05-31T11:08:48.601+0000] {processor.py:839} INFO - DAG(s) dict_keys(['olist_data_ingestion']) retrieved from /opt/airflow/dags/ingest_data_dag.py
[2026-05-31T11:08:48.631+0000] {logging_mixin.py:151} INFO - [2026-05-31T11:08:48.631+0000] {dag.py:2915} INFO - Sync 1 DAGs
[2026-05-31T11:08:48.645+0000] {logging_mixin.py:151} INFO - [2026-05-31T11:08:48.645+0000] {dag.py:3696} INFO - Setting next_dagrun for olist_data_ingestion to None, run_after=None
[2026-05-31T11:08:48.667+0000] {processor.py:179} INFO - Processing /opt/airflow/dags/ingest_data_dag.py took 0.246 seconds
[2026-05-31T11:09:18.869+0000] {processor.py:157} INFO - Started process (PID=362) to work on /opt/airflow/dags/ingest_data_dag.py
[2026-05-31T11:09:18.871+0000] {processor.py:829} INFO - Processing file /opt/airflow/dags/ingest_data_dag.py for tasks to queue
[2026-05-31T11:09:18.873+0000] {logging_mixin.py:151} INFO - [2026-05-31T11:09:18.872+0000] {dagbag.py:539} INFO - Filling up the DagBag from /opt/airflow/dags/ingest_data_dag.py
[2026-05-31T11:09:19.108+0000] {processor.py:839} INFO - DAG(s) dict_keys(['olist_data_ingestion']) retrieved from /opt/airflow/dags/ingest_data_dag.py
[2026-05-31T11:09:19.145+0000] {logging_mixin.py:151} INFO - [2026-05-31T11:09:19.145+0000] {dag.py:2915} INFO - Sync 1 DAGs
[2026-05-31T11:09:19.162+0000] {logging_mixin.py:151} INFO - [2026-05-31T11:09:19.162+0000] {dag.py:3696} INFO - Setting next_dagrun for olist_data_ingestion to None, run_after=None
[2026-05-31T11:09:19.190+0000] {processor.py:179} INFO - Processing /opt/airflow/dags/ingest_data_dag.py took 0.328 seconds
[2026-05-31T11:09:49.664+0000] {processor.py:157} INFO - Started process (PID=377) to work on /opt/airflow/dags/ingest_data_dag.py
[2026-05-31T11:09:49.665+0000] {processor.py:829} INFO - Processing file /opt/airflow/dags/ingest_data_dag.py for tasks to queue
[2026-05-31T11:09:49.666+0000] {logging_mixin.py:151} INFO - [2026-05-31T11:09:49.666+0000] {dagbag.py:539} INFO - Filling up the DagBag from /opt/airflow/dags/ingest_data_dag.py
[2026-05-31T11:09:49.839+0000] {processor.py:839} INFO - DAG(s) dict_keys(['olist_data_ingestion']) retrieved from /opt/airflow/dags/ingest_data_dag.py
[2026-05-31T11:09:49.872+0000] {logging_mixin.py:151} INFO - [2026-05-31T11:09:49.871+0000] {dag.py:2915} INFO - Sync 1 DAGs
[2026-05-31T11:09:49.887+0000] {logging_mixin.py:151} INFO - [2026-05-31T11:09:49.887+0000] {dag.py:3696} INFO - Setting next_dagrun for olist_data_ingestion to None, run_after=None
[2026-05-31T11:09:49.910+0000] {processor.py:179} INFO - Processing /opt/airflow/dags/ingest_data_dag.py took 0.250 seconds
[2026-05-31T11:10:20.199+0000] {processor.py:157} INFO - Started process (PID=398) to work on /opt/airflow/dags/ingest_data_dag.py
[2026-05-31T11:10:20.201+0000] {processor.py:829} INFO - Processing file /opt/airflow/dags/ingest_data_dag.py for tasks to queue
[2026-05-31T11:10:20.204+0000] {logging_mixin.py:151} INFO - [2026-05-31T11:10:20.203+0000] {dagbag.py:539} INFO - Filling up the DagBag from /opt/airflow/dags/ingest_data_dag.py
[2026-05-31T11:10:20.406+0000] {processor.py:839} INFO - DAG(s) dict_keys(['olist_data_ingestion']) retrieved from /opt/airflow/dags/ingest_data_dag.py
[2026-05-31T11:10:20.436+0000] {logging_mixin.py:151} INFO - [2026-05-31T11:10:20.436+0000] {dag.py:2915} INFO - Sync 1 DAGs
[2026-05-31T11:10:20.450+0000] {logging_mixin.py:151} INFO - [2026-05-31T11:10:20.449+0000] {dag.py:3696} INFO - Setting next_dagrun for olist_data_ingestion to None, run_after=None
[2026-05-31T11:10:20.472+0000] {processor.py:179} INFO - Processing /opt/airflow/dags/ingest_data_dag.py took 0.280 seconds
[2026-05-31T11:10:50.930+0000] {processor.py:157} INFO - Started process (PID=413) to work on /opt/airflow/dags/ingest_data_dag.py
[2026-05-31T11:10:50.931+0000] {processor.py:829} INFO - Processing file /opt/airflow/dags/ingest_data_dag.py for tasks to queue
[2026-05-31T11:10:50.934+0000] {logging_mixin.py:151} INFO - [2026-05-31T11:10:50.933+0000] {dagbag.py:539} INFO - Filling up the DagBag from /opt/airflow/dags/ingest_data_dag.py
[2026-05-31T11:10:51.127+0000] {processor.py:839} INFO - DAG(s) dict_keys(['olist_data_ingestion']) retrieved from /opt/airflow/dags/ingest_data_dag.py
[2026-05-31T11:10:51.164+0000] {logging_mixin.py:151} INFO - [2026-05-31T11:10:51.163+0000] {dag.py:2915} INFO - Sync 1 DAGs
[2026-05-31T11:10:51.183+0000] {logging_mixin.py:151} INFO - [2026-05-31T11:10:51.183+0000] {dag.py:3696} INFO - Setting next_dagrun for olist_data_ingestion to None, run_after=None
[2026-05-31T11:10:51.220+0000] {processor.py:179} INFO - Processing /opt/airflow/dags/ingest_data_dag.py took 0.297 seconds
[2026-05-31T11:11:21.465+0000] {processor.py:157} INFO - Started process (PID=428) to work on /opt/airflow/dags/ingest_data_dag.py
[2026-05-31T11:11:21.467+0000] {processor.py:829} INFO - Processing file /opt/airflow/dags/ingest_data_dag.py for tasks to queue
[2026-05-31T11:11:21.469+0000] {logging_mixin.py:151} INFO - [2026-05-31T11:11:21.468+0000] {dagbag.py:539} INFO - Filling up the DagBag from /opt/airflow/dags/ingest_data_dag.py
[2026-05-31T11:11:21.677+0000] {processor.py:839} INFO - DAG(s) dict_keys(['olist_data_ingestion']) retrieved from /opt/airflow/dags/ingest_data_dag.py
[2026-05-31T11:11:21.716+0000] {logging_mixin.py:151} INFO - [2026-05-31T11:11:21.716+0000] {dag.py:2915} INFO - Sync 1 DAGs
[2026-05-31T11:11:21.731+0000] {logging_mixin.py:151} INFO - [2026-05-31T11:11:21.731+0000] {dag.py:3696} INFO - Setting next_dagrun for olist_data_ingestion to None, run_after=None
[2026-05-31T11:11:21.763+0000] {processor.py:179} INFO - Processing /opt/airflow/dags/ingest_data_dag.py took 0.304 seconds
[2026-05-31T11:11:52.027+0000] {processor.py:157} INFO - Started process (PID=443) to work on /opt/airflow/dags/ingest_data_dag.py
[2026-05-31T11:11:52.029+0000] {processor.py:829} INFO - Processing file /opt/airflow/dags/ingest_data_dag.py for tasks to queue
[2026-05-31T11:11:52.030+0000] {logging_mixin.py:151} INFO - [2026-05-31T11:11:52.030+0000] {dagbag.py:539} INFO - Filling up the DagBag from /opt/airflow/dags/ingest_data_dag.py
[2026-05-31T11:11:52.225+0000] {processor.py:839} INFO - DAG(s) dict_keys(['olist_data_ingestion']) retrieved from /opt/airflow/dags/ingest_data_dag.py
[2026-05-31T11:11:52.254+0000] {logging_mixin.py:151} INFO - [2026-05-31T11:11:52.254+0000] {dag.py:2915} INFO - Sync 1 DAGs
[2026-05-31T11:11:52.267+0000] {logging_mixin.py:151} INFO - [2026-05-31T11:11:52.267+0000] {dag.py:3696} INFO - Setting next_dagrun for olist_data_ingestion to None, run_after=None
[2026-05-31T11:11:52.293+0000] {processor.py:179} INFO - Processing /opt/airflow/dags/ingest_data_dag.py took 0.271 seconds
[2026-05-31T11:12:22.802+0000] {processor.py:157} INFO - Started process (PID=464) to work on /opt/airflow/dags/ingest_data_dag.py
[2026-05-31T11:12:22.804+0000] {processor.py:829} INFO - Processing file /opt/airflow/dags/ingest_data_dag.py for tasks to queue
[2026-05-31T11:12:22.806+0000] {logging_mixin.py:151} INFO - [2026-05-31T11:12:22.806+0000] {dagbag.py:539} INFO - Filling up the DagBag from /opt/airflow/dags/ingest_data_dag.py
[2026-05-31T11:12:23.010+0000] {processor.py:839} INFO - DAG(s) dict_keys(['olist_data_ingestion']) retrieved from /opt/airflow/dags/ingest_data_dag.py
[2026-05-31T11:12:23.046+0000] {logging_mixin.py:151} INFO - [2026-05-31T11:12:23.046+0000] {dag.py:2915} INFO - Sync 1 DAGs
[2026-05-31T11:12:23.062+0000] {logging_mixin.py:151} INFO - [2026-05-31T11:12:23.062+0000] {dag.py:3696} INFO - Setting next_dagrun for olist_data_ingestion to None, run_after=None
[2026-05-31T11:12:23.102+0000] {processor.py:179} INFO - Processing /opt/airflow/dags/ingest_data_dag.py took 0.306 seconds
[2026-05-31T11:12:53.483+0000] {processor.py:157} INFO - Started process (PID=485) to work on /opt/airflow/dags/ingest_data_dag.py
[2026-05-31T11:12:53.485+0000] {processor.py:829} INFO - Processing file /opt/airflow/dags/ingest_data_dag.py for tasks to queue
[2026-05-31T11:12:53.488+0000] {logging_mixin.py:151} INFO - [2026-05-31T11:12:53.487+0000] {dagbag.py:539} INFO - Filling up the DagBag from /opt/airflow/dags/ingest_data_dag.py
[2026-05-31T11:12:53.814+0000] {processor.py:839} INFO - DAG(s) dict_keys(['olist_data_ingestion']) retrieved from /opt/airflow/dags/ingest_data_dag.py
[2026-05-31T11:12:53.860+0000] {logging_mixin.py:151} INFO - [2026-05-31T11:12:53.860+0000] {dag.py:2915} INFO - Sync 1 DAGs
[2026-05-31T11:12:53.880+0000] {logging_mixin.py:151} INFO - [2026-05-31T11:12:53.880+0000] {dag.py:3696} INFO - Setting next_dagrun for olist_data_ingestion to None, run_after=None
[2026-05-31T11:12:53.922+0000] {processor.py:179} INFO - Processing /opt/airflow/dags/ingest_data_dag.py took 0.446 seconds
[2026-05-31T11:13:24.166+0000] {processor.py:157} INFO - Started process (PID=500) to work on /opt/airflow/dags/ingest_data_dag.py
[2026-05-31T11:13:24.167+0000] {processor.py:829} INFO - Processing file /opt/airflow/dags/ingest_data_dag.py for tasks to queue
[2026-05-31T11:13:24.169+0000] {logging_mixin.py:151} INFO - [2026-05-31T11:13:24.168+0000] {dagbag.py:539} INFO - Filling up the DagBag from /opt/airflow/dags/ingest_data_dag.py
[2026-05-31T11:13:24.384+0000] {processor.py:839} INFO - DAG(s) dict_keys(['olist_data_ingestion']) retrieved from /opt/airflow/dags/ingest_data_dag.py
[2026-05-31T11:13:24.415+0000] {logging_mixin.py:151} INFO - [2026-05-31T11:13:24.415+0000] {dag.py:2915} INFO - Sync 1 DAGs
[2026-05-31T11:13:24.430+0000] {logging_mixin.py:151} INFO - [2026-05-31T11:13:24.430+0000] {dag.py:3696} INFO - Setting next_dagrun for olist_data_ingestion to None, run_after=None
[2026-05-31T11:13:24.462+0000] {processor.py:179} INFO - Processing /opt/airflow/dags/ingest_data_dag.py took 0.302 seconds
[2026-05-31T11:13:54.648+0000] {processor.py:157} INFO - Started process (PID=515) to work on /opt/airflow/dags/ingest_data_dag.py
[2026-05-31T11:13:54.651+0000] {processor.py:829} INFO - Processing file /opt/airflow/dags/ingest_data_dag.py for tasks to queue
[2026-05-31T11:13:54.655+0000] {logging_mixin.py:151} INFO - [2026-05-31T11:13:54.654+0000] {dagbag.py:539} INFO - Filling up the DagBag from /opt/airflow/dags/ingest_data_dag.py
[2026-05-31T11:13:54.856+0000] {processor.py:839} INFO - DAG(s) dict_keys(['olist_data_ingestion']) retrieved from /opt/airflow/dags/ingest_data_dag.py
[2026-05-31T11:13:54.884+0000] {logging_mixin.py:151} INFO - [2026-05-31T11:13:54.884+0000] {dag.py:2915} INFO - Sync 1 DAGs
[2026-05-31T11:13:54.897+0000] {logging_mixin.py:151} INFO - [2026-05-31T11:13:54.897+0000] {dag.py:3696} INFO - Setting next_dagrun for olist_data_ingestion to None, run_after=None
[2026-05-31T11:13:54.917+0000] {processor.py:179} INFO - Processing /opt/airflow/dags/ingest_data_dag.py took 0.277 seconds
[2026-05-31T11:14:25.337+0000] {processor.py:157} INFO - Started process (PID=536) to work on /opt/airflow/dags/ingest_data_dag.py
[2026-05-31T11:14:25.338+0000] {processor.py:829} INFO - Processing file /opt/airflow/dags/ingest_data_dag.py for tasks to queue
[2026-05-31T11:14:25.339+0000] {logging_mixin.py:151} INFO - [2026-05-31T11:14:25.338+0000] {dagbag.py:539} INFO - Filling up the DagBag from /opt/airflow/dags/ingest_data_dag.py
[2026-05-31T11:14:25.615+0000] {processor.py:839} INFO - DAG(s) dict_keys(['olist_data_ingestion']) retrieved from /opt/airflow/dags/ingest_data_dag.py
[2026-05-31T11:14:25.694+0000] {logging_mixin.py:151} INFO - [2026-05-31T11:14:25.694+0000] {dag.py:2915} INFO - Sync 1 DAGs
[2026-05-31T11:14:25.727+0000] {logging_mixin.py:151} INFO - [2026-05-31T11:14:25.726+0000] {dag.py:3696} INFO - Setting next_dagrun for olist_data_ingestion to None, run_after=None
[2026-05-31T11:14:25.762+0000] {processor.py:179} INFO - Processing /opt/airflow/dags/ingest_data_dag.py took 0.431 seconds
[2026-05-31T11:14:55.977+0000] {processor.py:157} INFO - Started process (PID=551) to work on /opt/airflow/dags/ingest_data_dag.py
[2026-05-31T11:14:55.979+0000] {processor.py:829} INFO - Processing file /opt/airflow/dags/ingest_data_dag.py for tasks to queue
[2026-05-31T11:14:55.981+0000] {logging_mixin.py:151} INFO - [2026-05-31T11:14:55.980+0000] {dagbag.py:539} INFO - Filling up the DagBag from /opt/airflow/dags/ingest_data_dag.py
[2026-05-31T11:14:56.224+0000] {processor.py:839} INFO - DAG(s) dict_keys(['olist_data_ingestion']) retrieved from /opt/airflow/dags/ingest_data_dag.py
[2026-05-31T11:14:56.263+0000] {logging_mixin.py:151} INFO - [2026-05-31T11:14:56.263+0000] {dag.py:2915} INFO - Sync 1 DAGs
[2026-05-31T11:14:56.280+0000] {logging_mixin.py:151} INFO - [2026-05-31T11:14:56.280+0000] {dag.py:3696} INFO - Setting next_dagrun for olist_data_ingestion to None, run_after=None
[2026-05-31T11:14:56.306+0000] {processor.py:179} INFO - Processing /opt/airflow/dags/ingest_data_dag.py took 0.336 seconds
[2026-05-31T11:15:26.461+0000] {processor.py:157} INFO - Started process (PID=573) to work on /opt/airflow/dags/ingest_data_dag.py
[2026-05-31T11:15:26.463+0000] {processor.py:829} INFO - Processing file /opt/airflow/dags/ingest_data_dag.py for tasks to queue
[2026-05-31T11:15:26.465+0000] {logging_mixin.py:151} INFO - [2026-05-31T11:15:26.465+0000] {dagbag.py:539} INFO - Filling up the DagBag from /opt/airflow/dags/ingest_data_dag.py
[2026-05-31T11:15:26.686+0000] {processor.py:839} INFO - DAG(s) dict_keys(['olist_data_ingestion']) retrieved from /opt/airflow/dags/ingest_data_dag.py
[2026-05-31T11:15:26.724+0000] {logging_mixin.py:151} INFO - [2026-05-31T11:15:26.723+0000] {dag.py:2915} INFO - Sync 1 DAGs
[2026-05-31T11:15:26.741+0000] {logging_mixin.py:151} INFO - [2026-05-31T11:15:26.741+0000] {dag.py:3696} INFO - Setting next_dagrun for olist_data_ingestion to None, run_after=None
[2026-05-31T11:15:26.774+0000] {processor.py:179} INFO - Processing /opt/airflow/dags/ingest_data_dag.py took 0.320 seconds
[2026-05-31T11:15:57.140+0000] {processor.py:157} INFO - Started process (PID=589) to work on /opt/airflow/dags/ingest_data_dag.py
[2026-05-31T11:15:57.141+0000] {processor.py:829} INFO - Processing file /opt/airflow/dags/ingest_data_dag.py for tasks to queue
[2026-05-31T11:15:57.143+0000] {logging_mixin.py:151} INFO - [2026-05-31T11:15:57.143+0000] {dagbag.py:539} INFO - Filling up the DagBag from /opt/airflow/dags/ingest_data_dag.py
[2026-05-31T11:15:57.317+0000] {processor.py:839} INFO - DAG(s) dict_keys(['olist_data_ingestion']) retrieved from /opt/airflow/dags/ingest_data_dag.py
[2026-05-31T11:15:57.351+0000] {logging_mixin.py:151} INFO - [2026-05-31T11:15:57.351+0000] {dag.py:2915} INFO - Sync 1 DAGs
[2026-05-31T11:15:57.366+0000] {logging_mixin.py:151} INFO - [2026-05-31T11:15:57.365+0000] {dag.py:3696} INFO - Setting next_dagrun for olist_data_ingestion to None, run_after=None
[2026-05-31T11:15:57.388+0000] {processor.py:179} INFO - Processing /opt/airflow/dags/ingest_data_dag.py took 0.254 seconds
[2026-05-31T11:16:27.860+0000] {processor.py:157} INFO - Started process (PID=606) to work on /opt/airflow/dags/ingest_data_dag.py
[2026-05-31T11:16:27.861+0000] {processor.py:829} INFO - Processing file /opt/airflow/dags/ingest_data_dag.py for tasks to queue
[2026-05-31T11:16:27.864+0000] {logging_mixin.py:151} INFO - [2026-05-31T11:16:27.863+0000] {dagbag.py:539} INFO - Filling up the DagBag from /opt/airflow/dags/ingest_data_dag.py
[2026-05-31T11:16:28.076+0000] {processor.py:839} INFO - DAG(s) dict_keys(['olist_data_ingestion']) retrieved from /opt/airflow/dags/ingest_data_dag.py
[2026-05-31T11:16:28.110+0000] {logging_mixin.py:151} INFO - [2026-05-31T11:16:28.109+0000] {dag.py:2915} INFO - Sync 1 DAGs
[2026-05-31T11:16:28.144+0000] {logging_mixin.py:151} INFO - [2026-05-31T11:16:28.143+0000] {dag.py:3696} INFO - Setting next_dagrun for olist_data_ingestion to None, run_after=None
[2026-05-31T11:16:28.188+0000] {processor.py:179} INFO - Processing /opt/airflow/dags/ingest_data_dag.py took 0.336 seconds
[2026-05-31T11:16:58.560+0000] {processor.py:157} INFO - Started process (PID=621) to work on /opt/airflow/dags/ingest_data_dag.py
[2026-05-31T11:16:58.562+0000] {processor.py:829} INFO - Processing file /opt/airflow/dags/ingest_data_dag.py for tasks to queue
[2026-05-31T11:16:58.564+0000] {logging_mixin.py:151} INFO - [2026-05-31T11:16:58.563+0000] {dagbag.py:539} INFO - Filling up the DagBag from /opt/airflow/dags/ingest_data_dag.py
[2026-05-31T11:16:58.794+0000] {processor.py:839} INFO - DAG(s) dict_keys(['olist_data_ingestion']) retrieved from /opt/airflow/dags/ingest_data_dag.py
[2026-05-31T11:16:58.830+0000] {logging_mixin.py:151} INFO - [2026-05-31T11:16:58.829+0000] {dag.py:2915} INFO - Sync 1 DAGs
[2026-05-31T11:16:58.848+0000] {logging_mixin.py:151} INFO - [2026-05-31T11:16:58.847+0000] {dag.py:3696} INFO - Setting next_dagrun for olist_data_ingestion to None, run_after=None
[2026-05-31T11:16:58.878+0000] {processor.py:179} INFO - Processing /opt/airflow/dags/ingest_data_dag.py took 0.323 seconds
[2026-05-31T11:17:29.014+0000] {processor.py:157} INFO - Started process (PID=636) to work on /opt/airflow/dags/ingest_data_dag.py
[2026-05-31T11:17:29.016+0000] {processor.py:829} INFO - Processing file /opt/airflow/dags/ingest_data_dag.py for tasks to queue
[2026-05-31T11:17:29.019+0000] {logging_mixin.py:151} INFO - [2026-05-31T11:17:29.018+0000] {dagbag.py:539} INFO - Filling up the DagBag from /opt/airflow/dags/ingest_data_dag.py
[2026-05-31T11:17:29.269+0000] {processor.py:839} INFO - DAG(s) dict_keys(['olist_data_ingestion']) retrieved from /opt/airflow/dags/ingest_data_dag.py
[2026-05-31T11:17:29.302+0000] {logging_mixin.py:151} INFO - [2026-05-31T11:17:29.302+0000] {dag.py:2915} INFO - Sync 1 DAGs
[2026-05-31T11:17:29.317+0000] {logging_mixin.py:151} INFO - [2026-05-31T11:17:29.317+0000] {dag.py:3696} INFO - Setting next_dagrun for olist_data_ingestion to None, run_after=None
[2026-05-31T11:17:29.341+0000] {processor.py:179} INFO - Processing /opt/airflow/dags/ingest_data_dag.py took 0.334 seconds
[2026-05-31T11:17:59.771+0000] {processor.py:157} INFO - Started process (PID=658) to work on /opt/airflow/dags/ingest_data_dag.py
[2026-05-31T11:17:59.772+0000] {processor.py:829} INFO - Processing file /opt/airflow/dags/ingest_data_dag.py for tasks to queue
[2026-05-31T11:17:59.775+0000] {logging_mixin.py:151} INFO - [2026-05-31T11:17:59.774+0000] {dagbag.py:539} INFO - Filling up the DagBag from /opt/airflow/dags/ingest_data_dag.py
[2026-05-31T11:17:59.995+0000] {processor.py:839} INFO - DAG(s) dict_keys(['olist_data_ingestion']) retrieved from /opt/airflow/dags/ingest_data_dag.py
[2026-05-31T11:18:00.031+0000] {logging_mixin.py:151} INFO - [2026-05-31T11:18:00.031+0000] {dag.py:2915} INFO - Sync 1 DAGs
[2026-05-31T11:18:00.046+0000] {logging_mixin.py:151} INFO - [2026-05-31T11:18:00.046+0000] {dag.py:3696} INFO - Setting next_dagrun for olist_data_ingestion to None, run_after=None
[2026-05-31T11:18:00.080+0000] {processor.py:179} INFO - Processing /opt/airflow/dags/ingest_data_dag.py took 0.315 seconds
[2026-05-31T11:18:30.266+0000] {processor.py:157} INFO - Started process (PID=673) to work on /opt/airflow/dags/ingest_data_dag.py
[2026-05-31T11:18:30.267+0000] {processor.py:829} INFO - Processing file /opt/airflow/dags/ingest_data_dag.py for tasks to queue
[2026-05-31T11:18:30.269+0000] {logging_mixin.py:151} INFO - [2026-05-31T11:18:30.268+0000] {dagbag.py:539} INFO - Filling up the DagBag from /opt/airflow/dags/ingest_data_dag.py
[2026-05-31T11:18:30.485+0000] {processor.py:839} INFO - DAG(s) dict_keys(['olist_data_ingestion']) retrieved from /opt/airflow/dags/ingest_data_dag.py
[2026-05-31T11:18:30.521+0000] {logging_mixin.py:151} INFO - [2026-05-31T11:18:30.521+0000] {dag.py:2915} INFO - Sync 1 DAGs
[2026-05-31T11:18:30.536+0000] {logging_mixin.py:151} INFO - [2026-05-31T11:18:30.535+0000] {dag.py:3696} INFO - Setting next_dagrun for olist_data_ingestion to None, run_after=None
[2026-05-31T11:18:30.564+0000] {processor.py:179} INFO - Processing /opt/airflow/dags/ingest_data_dag.py took 0.302 seconds
[2026-05-31T11:19:01.028+0000] {processor.py:157} INFO - Started process (PID=688) to work on /opt/airflow/dags/ingest_data_dag.py
[2026-05-31T11:19:01.029+0000] {processor.py:829} INFO - Processing file /opt/airflow/dags/ingest_data_dag.py for tasks to queue
[2026-05-31T11:19:01.030+0000] {logging_mixin.py:151} INFO - [2026-05-31T11:19:01.029+0000] {dagbag.py:539} INFO - Filling up the DagBag from /opt/airflow/dags/ingest_data_dag.py
[2026-05-31T11:19:01.238+0000] {processor.py:839} INFO - DAG(s) dict_keys(['olist_data_ingestion']) retrieved from /opt/airflow/dags/ingest_data_dag.py
[2026-05-31T11:19:01.273+0000] {logging_mixin.py:151} INFO - [2026-05-31T11:19:01.272+0000] {dag.py:2915} INFO - Sync 1 DAGs
[2026-05-31T11:19:01.287+0000] {logging_mixin.py:151} INFO - [2026-05-31T11:19:01.287+0000] {dag.py:3696} INFO - Setting next_dagrun for olist_data_ingestion to None, run_after=None
[2026-05-31T11:19:01.312+0000] {processor.py:179} INFO - Processing /opt/airflow/dags/ingest_data_dag.py took 0.288 seconds
[2026-05-31T11:19:31.569+0000] {processor.py:157} INFO - Started process (PID=703) to work on /opt/airflow/dags/ingest_data_dag.py
[2026-05-31T11:19:31.571+0000] {processor.py:829} INFO - Processing file /opt/airflow/dags/ingest_data_dag.py for tasks to queue
[2026-05-31T11:19:31.573+0000] {logging_mixin.py:151} INFO - [2026-05-31T11:19:31.572+0000] {dagbag.py:539} INFO - Filling up the DagBag from /opt/airflow/dags/ingest_data_dag.py
[2026-05-31T11:19:31.786+0000] {processor.py:839} INFO - DAG(s) dict_keys(['olist_data_ingestion']) retrieved from /opt/airflow/dags/ingest_data_dag.py
[2026-05-31T11:19:31.820+0000] {logging_mixin.py:151} INFO - [2026-05-31T11:19:31.819+0000] {dag.py:2915} INFO - Sync 1 DAGs
[2026-05-31T11:19:31.836+0000] {logging_mixin.py:151} INFO - [2026-05-31T11:19:31.836+0000] {dag.py:3696} INFO - Setting next_dagrun for olist_data_ingestion to None, run_after=None
[2026-05-31T11:19:31.862+0000] {processor.py:179} INFO - Processing /opt/airflow/dags/ingest_data_dag.py took 0.299 seconds
[2026-05-31T11:20:02.192+0000] {processor.py:157} INFO - Started process (PID=718) to work on /opt/airflow/dags/ingest_data_dag.py
[2026-05-31T11:20:02.193+0000] {processor.py:829} INFO - Processing file /opt/airflow/dags/ingest_data_dag.py for tasks to queue
[2026-05-31T11:20:02.195+0000] {logging_mixin.py:151} INFO - [2026-05-31T11:20:02.194+0000] {dagbag.py:539} INFO - Filling up the DagBag from /opt/airflow/dags/ingest_data_dag.py
[2026-05-31T11:20:02.431+0000] {processor.py:839} INFO - DAG(s) dict_keys(['olist_data_ingestion']) retrieved from /opt/airflow/dags/ingest_data_dag.py
[2026-05-31T11:20:02.464+0000] {logging_mixin.py:151} INFO - [2026-05-31T11:20:02.463+0000] {dag.py:2915} INFO - Sync 1 DAGs
[2026-05-31T11:20:02.478+0000] {logging_mixin.py:151} INFO - [2026-05-31T11:20:02.478+0000] {dag.py:3696} INFO - Setting next_dagrun for olist_data_ingestion to None, run_after=None
[2026-05-31T11:20:02.502+0000] {processor.py:179} INFO - Processing /opt/airflow/dags/ingest_data_dag.py took 0.315 seconds
[2026-05-31T11:20:32.937+0000] {processor.py:157} INFO - Started process (PID=733) to work on /opt/airflow/dags/ingest_data_dag.py
[2026-05-31T11:20:32.938+0000] {processor.py:829} INFO - Processing file /opt/airflow/dags/ingest_data_dag.py for tasks to queue
[2026-05-31T11:20:32.939+0000] {logging_mixin.py:151} INFO - [2026-05-31T11:20:32.939+0000] {dagbag.py:539} INFO - Filling up the DagBag from /opt/airflow/dags/ingest_data_dag.py
[2026-05-31T11:20:33.144+0000] {processor.py:839} INFO - DAG(s) dict_keys(['olist_data_ingestion']) retrieved from /opt/airflow/dags/ingest_data_dag.py
[2026-05-31T11:20:33.189+0000] {logging_mixin.py:151} INFO - [2026-05-31T11:20:33.188+0000] {dag.py:2915} INFO - Sync 1 DAGs
[2026-05-31T11:20:33.218+0000] {logging_mixin.py:151} INFO - [2026-05-31T11:20:33.218+0000] {dag.py:3696} INFO - Setting next_dagrun for olist_data_ingestion to None, run_after=None
[2026-05-31T11:20:33.258+0000] {processor.py:179} INFO - Processing /opt/airflow/dags/ingest_data_dag.py took 0.324 seconds
[2026-05-31T11:21:03.436+0000] {processor.py:157} INFO - Started process (PID=748) to work on /opt/airflow/dags/ingest_data_dag.py
[2026-05-31T11:21:03.438+0000] {processor.py:829} INFO - Processing file /opt/airflow/dags/ingest_data_dag.py for tasks to queue
[2026-05-31T11:21:03.440+0000] {logging_mixin.py:151} INFO - [2026-05-31T11:21:03.439+0000] {dagbag.py:539} INFO - Filling up the DagBag from /opt/airflow/dags/ingest_data_dag.py
[2026-05-31T11:21:03.658+0000] {processor.py:839} INFO - DAG(s) dict_keys(['olist_data_ingestion']) retrieved from /opt/airflow/dags/ingest_data_dag.py
[2026-05-31T11:21:03.698+0000] {logging_mixin.py:151} INFO - [2026-05-31T11:21:03.697+0000] {dag.py:2915} INFO - Sync 1 DAGs
[2026-05-31T11:21:03.713+0000] {logging_mixin.py:151} INFO - [2026-05-31T11:21:03.712+0000] {dag.py:3696} INFO - Setting next_dagrun for olist_data_ingestion to None, run_after=None
[2026-05-31T11:21:03.754+0000] {processor.py:179} INFO - Processing /opt/airflow/dags/ingest_data_dag.py took 0.324 seconds
[2026-05-31T11:21:34.250+0000] {processor.py:157} INFO - Started process (PID=763) to work on /opt/airflow/dags/ingest_data_dag.py
[2026-05-31T11:21:34.252+0000] {processor.py:829} INFO - Processing file /opt/airflow/dags/ingest_data_dag.py for tasks to queue
[2026-05-31T11:21:34.254+0000] {logging_mixin.py:151} INFO - [2026-05-31T11:21:34.254+0000] {dagbag.py:539} INFO - Filling up the DagBag from /opt/airflow/dags/ingest_data_dag.py
[2026-05-31T11:21:34.452+0000] {processor.py:839} INFO - DAG(s) dict_keys(['olist_data_ingestion']) retrieved from /opt/airflow/dags/ingest_data_dag.py
[2026-05-31T11:21:34.482+0000] {logging_mixin.py:151} INFO - [2026-05-31T11:21:34.482+0000] {dag.py:2915} INFO - Sync 1 DAGs
[2026-05-31T11:21:34.496+0000] {logging_mixin.py:151} INFO - [2026-05-31T11:21:34.495+0000] {dag.py:3696} INFO - Setting next_dagrun for olist_data_ingestion to None, run_after=None
[2026-05-31T11:21:34.518+0000] {processor.py:179} INFO - Processing /opt/airflow/dags/ingest_data_dag.py took 0.274 seconds
[2026-05-31T11:22:04.775+0000] {processor.py:157} INFO - Started process (PID=778) to work on /opt/airflow/dags/ingest_data_dag.py
[2026-05-31T11:22:04.777+0000] {processor.py:829} INFO - Processing file /opt/airflow/dags/ingest_data_dag.py for tasks to queue
[2026-05-31T11:22:04.779+0000] {logging_mixin.py:151} INFO - [2026-05-31T11:22:04.778+0000] {dagbag.py:539} INFO - Filling up the DagBag from /opt/airflow/dags/ingest_data_dag.py
[2026-05-31T11:22:05.056+0000] {processor.py:839} INFO - DAG(s) dict_keys(['olist_data_ingestion']) retrieved from /opt/airflow/dags/ingest_data_dag.py
[2026-05-31T11:22:05.093+0000] {logging_mixin.py:151} INFO - [2026-05-31T11:22:05.092+0000] {dag.py:2915} INFO - Sync 1 DAGs
[2026-05-31T11:22:05.116+0000] {logging_mixin.py:151} INFO - [2026-05-31T11:22:05.116+0000] {dag.py:3696} INFO - Setting next_dagrun for olist_data_ingestion to None, run_after=None
[2026-05-31T11:22:05.166+0000] {processor.py:179} INFO - Processing /opt/airflow/dags/ingest_data_dag.py took 0.398 seconds
[2026-05-31T11:22:35.559+0000] {processor.py:157} INFO - Started process (PID=793) to work on /opt/airflow/dags/ingest_data_dag.py
[2026-05-31T11:22:35.560+0000] {processor.py:829} INFO - Processing file /opt/airflow/dags/ingest_data_dag.py for tasks to queue
[2026-05-31T11:22:35.561+0000] {logging_mixin.py:151} INFO - [2026-05-31T11:22:35.561+0000] {dagbag.py:539} INFO - Filling up the DagBag from /opt/airflow/dags/ingest_data_dag.py
[2026-05-31T11:22:35.764+0000] {processor.py:839} INFO - DAG(s) dict_keys(['olist_data_ingestion']) retrieved from /opt/airflow/dags/ingest_data_dag.py
[2026-05-31T11:22:35.798+0000] {logging_mixin.py:151} INFO - [2026-05-31T11:22:35.797+0000] {dag.py:2915} INFO - Sync 1 DAGs
[2026-05-31T11:22:35.812+0000] {logging_mixin.py:151} INFO - [2026-05-31T11:22:35.812+0000] {dag.py:3696} INFO - Setting next_dagrun for olist_data_ingestion to None, run_after=None
[2026-05-31T11:22:35.842+0000] {processor.py:179} INFO - Processing /opt/airflow/dags/ingest_data_dag.py took 0.286 seconds
[2026-05-31T11:23:06.118+0000] {processor.py:157} INFO - Started process (PID=808) to work on /opt/airflow/dags/ingest_data_dag.py
[2026-05-31T11:23:06.120+0000] {processor.py:829} INFO - Processing file /opt/airflow/dags/ingest_data_dag.py for tasks to queue
[2026-05-31T11:23:06.122+0000] {logging_mixin.py:151} INFO - [2026-05-31T11:23:06.122+0000] {dagbag.py:539} INFO - Filling up the DagBag from /opt/airflow/dags/ingest_data_dag.py
[2026-05-31T11:23:06.352+0000] {processor.py:839} INFO - DAG(s) dict_keys(['olist_data_ingestion']) retrieved from /opt/airflow/dags/ingest_data_dag.py
[2026-05-31T11:23:06.393+0000] {logging_mixin.py:151} INFO - [2026-05-31T11:23:06.392+0000] {dag.py:2915} INFO - Sync 1 DAGs
[2026-05-31T11:23:06.407+0000] {logging_mixin.py:151} INFO - [2026-05-31T11:23:06.406+0000] {dag.py:3696} INFO - Setting next_dagrun for olist_data_ingestion to None, run_after=None
[2026-05-31T11:23:06.444+0000] {processor.py:179} INFO - Processing /opt/airflow/dags/ingest_data_dag.py took 0.333 seconds
[2026-05-31T11:23:36.749+0000] {processor.py:157} INFO - Started process (PID=823) to work on /opt/airflow/dags/ingest_data_dag.py
[2026-05-31T11:23:36.751+0000] {processor.py:829} INFO - Processing file /opt/airflow/dags/ingest_data_dag.py for tasks to queue
[2026-05-31T11:23:36.753+0000] {logging_mixin.py:151} INFO - [2026-05-31T11:23:36.752+0000] {dagbag.py:539} INFO - Filling up the DagBag from /opt/airflow/dags/ingest_data_dag.py
[2026-05-31T11:23:36.948+0000] {processor.py:839} INFO - DAG(s) dict_keys(['olist_data_ingestion']) retrieved from /opt/airflow/dags/ingest_data_dag.py
[2026-05-31T11:23:36.978+0000] {logging_mixin.py:151} INFO - [2026-05-31T11:23:36.978+0000] {dag.py:2915} INFO - Sync 1 DAGs
[2026-05-31T11:23:36.993+0000] {logging_mixin.py:151} INFO - [2026-05-31T11:23:36.993+0000] {dag.py:3696} INFO - Setting next_dagrun for olist_data_ingestion to None, run_after=None
[2026-05-31T11:23:37.019+0000] {processor.py:179} INFO - Processing /opt/airflow/dags/ingest_data_dag.py took 0.275 seconds
[2026-05-31T11:24:07.282+0000] {processor.py:157} INFO - Started process (PID=838) to work on /opt/airflow/dags/ingest_data_dag.py
[2026-05-31T11:24:07.283+0000] {processor.py:829} INFO - Processing file /opt/airflow/dags/ingest_data_dag.py for tasks to queue
[2026-05-31T11:24:07.285+0000] {logging_mixin.py:151} INFO - [2026-05-31T11:24:07.284+0000] {dagbag.py:539} INFO - Filling up the DagBag from /opt/airflow/dags/ingest_data_dag.py
[2026-05-31T11:24:07.497+0000] {processor.py:839} INFO - DAG(s) dict_keys(['olist_data_ingestion']) retrieved from /opt/airflow/dags/ingest_data_dag.py
[2026-05-31T11:24:07.530+0000] {logging_mixin.py:151} INFO - [2026-05-31T11:24:07.530+0000] {dag.py:2915} INFO - Sync 1 DAGs
[2026-05-31T11:24:07.546+0000] {logging_mixin.py:151} INFO - [2026-05-31T11:24:07.546+0000] {dag.py:3696} INFO - Setting next_dagrun for olist_data_ingestion to None, run_after=None
[2026-05-31T11:24:07.581+0000] {processor.py:179} INFO - Processing /opt/airflow/dags/ingest_data_dag.py took 0.302 seconds
[2026-05-31T11:24:37.925+0000] {processor.py:157} INFO - Started process (PID=853) to work on /opt/airflow/dags/ingest_data_dag.py
[2026-05-31T11:24:37.926+0000] {processor.py:829} INFO - Processing file /opt/airflow/dags/ingest_data_dag.py for tasks to queue
[2026-05-31T11:24:37.928+0000] {logging_mixin.py:151} INFO - [2026-05-31T11:24:37.928+0000] {dagbag.py:539} INFO - Filling up the DagBag from /opt/airflow/dags/ingest_data_dag.py
[2026-05-31T11:24:38.120+0000] {processor.py:839} INFO - DAG(s) dict_keys(['olist_data_ingestion']) retrieved from /opt/airflow/dags/ingest_data_dag.py
[2026-05-31T11:24:38.152+0000] {logging_mixin.py:151} INFO - [2026-05-31T11:24:38.152+0000] {dag.py:2915} INFO - Sync 1 DAGs
[2026-05-31T11:24:38.166+0000] {logging_mixin.py:151} INFO - [2026-05-31T11:24:38.165+0000] {dag.py:3696} INFO - Setting next_dagrun for olist_data_ingestion to None, run_after=None
[2026-05-31T11:24:38.188+0000] {processor.py:179} INFO - Processing /opt/airflow/dags/ingest_data_dag.py took 0.269 seconds
[2026-05-31T11:25:08.681+0000] {processor.py:157} INFO - Started process (PID=868) to work on /opt/airflow/dags/ingest_data_dag.py
[2026-05-31T11:25:08.683+0000] {processor.py:829} INFO - Processing file /opt/airflow/dags/ingest_data_dag.py for tasks to queue
[2026-05-31T11:25:08.684+0000] {logging_mixin.py:151} INFO - [2026-05-31T11:25:08.684+0000] {dagbag.py:539} INFO - Filling up the DagBag from /opt/airflow/dags/ingest_data_dag.py
[2026-05-31T11:25:08.894+0000] {processor.py:839} INFO - DAG(s) dict_keys(['olist_data_ingestion']) retrieved from /opt/airflow/dags/ingest_data_dag.py
[2026-05-31T11:25:08.928+0000] {logging_mixin.py:151} INFO - [2026-05-31T11:25:08.927+0000] {dag.py:2915} INFO - Sync 1 DAGs
[2026-05-31T11:25:08.951+0000] {logging_mixin.py:151} INFO - [2026-05-31T11:25:08.950+0000] {dag.py:3696} INFO - Setting next_dagrun for olist_data_ingestion to None, run_after=None
[2026-05-31T11:25:08.982+0000] {processor.py:179} INFO - Processing /opt/airflow/dags/ingest_data_dag.py took 0.305 seconds
[2026-05-31T11:25:39.502+0000] {processor.py:157} INFO - Started process (PID=883) to work on /opt/airflow/dags/ingest_data_dag.py
[2026-05-31T11:25:39.504+0000] {processor.py:829} INFO - Processing file /opt/airflow/dags/ingest_data_dag.py for tasks to queue
[2026-05-31T11:25:39.506+0000] {logging_mixin.py:151} INFO - [2026-05-31T11:25:39.505+0000] {dagbag.py:539} INFO - Filling up the DagBag from /opt/airflow/dags/ingest_data_dag.py
[2026-05-31T11:25:39.739+0000] {processor.py:839} INFO - DAG(s) dict_keys(['olist_data_ingestion']) retrieved from /opt/airflow/dags/ingest_data_dag.py
[2026-05-31T11:25:39.779+0000] {logging_mixin.py:151} INFO - [2026-05-31T11:25:39.778+0000] {dag.py:2915} INFO - Sync 1 DAGs
[2026-05-31T11:25:39.799+0000] {logging_mixin.py:151} INFO - [2026-05-31T11:25:39.799+0000] {dag.py:3696} INFO - Setting next_dagrun for olist_data_ingestion to None, run_after=None
[2026-05-31T11:25:39.833+0000] {processor.py:179} INFO - Processing /opt/airflow/dags/ingest_data_dag.py took 0.337 seconds
[2026-05-31T11:26:09.977+0000] {processor.py:157} INFO - Started process (PID=898) to work on /opt/airflow/dags/ingest_data_dag.py
[2026-05-31T11:26:09.978+0000] {processor.py:829} INFO - Processing file /opt/airflow/dags/ingest_data_dag.py for tasks to queue
[2026-05-31T11:26:09.980+0000] {logging_mixin.py:151} INFO - [2026-05-31T11:26:09.980+0000] {dagbag.py:539} INFO - Filling up the DagBag from /opt/airflow/dags/ingest_data_dag.py
[2026-05-31T11:26:10.188+0000] {processor.py:839} INFO - DAG(s) dict_keys(['olist_data_ingestion']) retrieved from /opt/airflow/dags/ingest_data_dag.py
[2026-05-31T11:26:10.225+0000] {logging_mixin.py:151} INFO - [2026-05-31T11:26:10.224+0000] {dag.py:2915} INFO - Sync 1 DAGs
[2026-05-31T11:26:10.244+0000] {logging_mixin.py:151} INFO - [2026-05-31T11:26:10.244+0000] {dag.py:3696} INFO - Setting next_dagrun for olist_data_ingestion to None, run_after=None
[2026-05-31T11:26:10.268+0000] {processor.py:179} INFO - Processing /opt/airflow/dags/ingest_data_dag.py took 0.298 seconds
[2026-05-31T11:26:40.616+0000] {processor.py:157} INFO - Started process (PID=913) to work on /opt/airflow/dags/ingest_data_dag.py
[2026-05-31T11:26:40.618+0000] {processor.py:829} INFO - Processing file /opt/airflow/dags/ingest_data_dag.py for tasks to queue
[2026-05-31T11:26:40.620+0000] {logging_mixin.py:151} INFO - [2026-05-31T11:26:40.619+0000] {dagbag.py:539} INFO - Filling up the DagBag from /opt/airflow/dags/ingest_data_dag.py
[2026-05-31T11:26:40.809+0000] {processor.py:839} INFO - DAG(s) dict_keys(['olist_data_ingestion']) retrieved from /opt/airflow/dags/ingest_data_dag.py
[2026-05-31T11:26:40.839+0000] {logging_mixin.py:151} INFO - [2026-05-31T11:26:40.839+0000] {dag.py:2915} INFO - Sync 1 DAGs
[2026-05-31T11:26:40.853+0000] {logging_mixin.py:151} INFO - [2026-05-31T11:26:40.853+0000] {dag.py:3696} INFO - Setting next_dagrun for olist_data_ingestion to None, run_after=None
[2026-05-31T11:26:40.875+0000] {processor.py:179} INFO - Processing /opt/airflow/dags/ingest_data_dag.py took 0.264 seconds
[2026-05-31T11:27:11.326+0000] {processor.py:157} INFO - Started process (PID=928) to work on /opt/airflow/dags/ingest_data_dag.py
[2026-05-31T11:27:11.327+0000] {processor.py:829} INFO - Processing file /opt/airflow/dags/ingest_data_dag.py for tasks to queue
[2026-05-31T11:27:11.329+0000] {logging_mixin.py:151} INFO - [2026-05-31T11:27:11.329+0000] {dagbag.py:539} INFO - Filling up the DagBag from /opt/airflow/dags/ingest_data_dag.py
[2026-05-31T11:27:11.540+0000] {processor.py:839} INFO - DAG(s) dict_keys(['olist_data_ingestion']) retrieved from /opt/airflow/dags/ingest_data_dag.py
[2026-05-31T11:27:11.571+0000] {logging_mixin.py:151} INFO - [2026-05-31T11:27:11.571+0000] {dag.py:2915} INFO - Sync 1 DAGs
[2026-05-31T11:27:11.585+0000] {logging_mixin.py:151} INFO - [2026-05-31T11:27:11.584+0000] {dag.py:3696} INFO - Setting next_dagrun for olist_data_ingestion to None, run_after=None
[2026-05-31T11:27:11.607+0000] {processor.py:179} INFO - Processing /opt/airflow/dags/ingest_data_dag.py took 0.287 seconds
