[2026-05-31T11:05:12.203+0000] {processor.py:157} INFO - Started process (PID=183) to work on /opt/airflow/dags/spark_load_dag.py
[2026-05-31T11:05:12.204+0000] {processor.py:829} INFO - Processing file /opt/airflow/dags/spark_load_dag.py for tasks to queue
[2026-05-31T11:05:12.206+0000] {logging_mixin.py:151} INFO - [2026-05-31T11:05:12.205+0000] {dagbag.py:539} INFO - Filling up the DagBag from /opt/airflow/dags/spark_load_dag.py
[2026-05-31T11:05:12.259+0000] {processor.py:839} INFO - DAG(s) dict_keys(['olist_spark_load']) retrieved from /opt/airflow/dags/spark_load_dag.py
[2026-05-31T11:05:12.600+0000] {logging_mixin.py:151} INFO - [2026-05-31T11:05:12.600+0000] {manager.py:499} INFO - Created Permission View: %s
[2026-05-31T11:05:12.611+0000] {logging_mixin.py:151} INFO - [2026-05-31T11:05:12.610+0000] {manager.py:499} INFO - Created Permission View: %s
[2026-05-31T11:05:12.619+0000] {logging_mixin.py:151} INFO - [2026-05-31T11:05:12.619+0000] {manager.py:499} INFO - Created Permission View: %s
[2026-05-31T11:05:12.620+0000] {logging_mixin.py:151} INFO - [2026-05-31T11:05:12.620+0000] {security.py:708} INFO - Not syncing DAG-level permissions for DAG 'DAG:olist_spark_load' as access control is unset.
[2026-05-31T11:05:12.620+0000] {logging_mixin.py:151} INFO - [2026-05-31T11:05:12.620+0000] {dag.py:2915} INFO - Sync 1 DAGs
[2026-05-31T11:05:12.631+0000] {logging_mixin.py:151} INFO - [2026-05-31T11:05:12.631+0000] {dag.py:2937} INFO - Creating ORM DAG for olist_spark_load
[2026-05-31T11:05:12.632+0000] {logging_mixin.py:151} INFO - [2026-05-31T11:05:12.632+0000] {dag.py:3696} INFO - Setting next_dagrun for olist_spark_load to None, run_after=None
[2026-05-31T11:05:12.659+0000] {processor.py:179} INFO - Processing /opt/airflow/dags/spark_load_dag.py took 0.459 seconds
[2026-05-31T11:05:42.985+0000] {processor.py:157} INFO - Started process (PID=198) to work on /opt/airflow/dags/spark_load_dag.py
[2026-05-31T11:05:42.988+0000] {processor.py:829} INFO - Processing file /opt/airflow/dags/spark_load_dag.py for tasks to queue
[2026-05-31T11:05:42.991+0000] {logging_mixin.py:151} INFO - [2026-05-31T11:05:42.990+0000] {dagbag.py:539} INFO - Filling up the DagBag from /opt/airflow/dags/spark_load_dag.py
[2026-05-31T11:05:43.025+0000] {processor.py:839} INFO - DAG(s) dict_keys(['olist_spark_load']) retrieved from /opt/airflow/dags/spark_load_dag.py
[2026-05-31T11:05:43.074+0000] {logging_mixin.py:151} INFO - [2026-05-31T11:05:43.074+0000] {dag.py:2915} INFO - Sync 1 DAGs
[2026-05-31T11:05:43.092+0000] {logging_mixin.py:151} INFO - [2026-05-31T11:05:43.092+0000] {dag.py:3696} INFO - Setting next_dagrun for olist_spark_load to None, run_after=None
[2026-05-31T11:05:43.119+0000] {processor.py:179} INFO - Processing /opt/airflow/dags/spark_load_dag.py took 0.139 seconds
[2026-05-31T11:06:13.593+0000] {processor.py:157} INFO - Started process (PID=213) to work on /opt/airflow/dags/spark_load_dag.py
[2026-05-31T11:06:13.594+0000] {processor.py:829} INFO - Processing file /opt/airflow/dags/spark_load_dag.py for tasks to queue
[2026-05-31T11:06:13.595+0000] {logging_mixin.py:151} INFO - [2026-05-31T11:06:13.594+0000] {dagbag.py:539} INFO - Filling up the DagBag from /opt/airflow/dags/spark_load_dag.py
[2026-05-31T11:06:13.626+0000] {processor.py:839} INFO - DAG(s) dict_keys(['olist_spark_load']) retrieved from /opt/airflow/dags/spark_load_dag.py
[2026-05-31T11:06:13.791+0000] {logging_mixin.py:151} INFO - [2026-05-31T11:06:13.791+0000] {dag.py:2915} INFO - Sync 1 DAGs
[2026-05-31T11:06:13.808+0000] {logging_mixin.py:151} INFO - [2026-05-31T11:06:13.808+0000] {dag.py:3696} INFO - Setting next_dagrun for olist_spark_load to None, run_after=None
[2026-05-31T11:06:13.847+0000] {processor.py:179} INFO - Processing /opt/airflow/dags/spark_load_dag.py took 0.259 seconds
[2026-05-31T11:06:44.354+0000] {processor.py:157} INFO - Started process (PID=233) to work on /opt/airflow/dags/spark_load_dag.py
[2026-05-31T11:06:44.356+0000] {processor.py:829} INFO - Processing file /opt/airflow/dags/spark_load_dag.py for tasks to queue
[2026-05-31T11:06:44.358+0000] {logging_mixin.py:151} INFO - [2026-05-31T11:06:44.357+0000] {dagbag.py:539} INFO - Filling up the DagBag from /opt/airflow/dags/spark_load_dag.py
[2026-05-31T11:06:44.395+0000] {processor.py:839} INFO - DAG(s) dict_keys(['olist_spark_load']) retrieved from /opt/airflow/dags/spark_load_dag.py
[2026-05-31T11:06:44.446+0000] {logging_mixin.py:151} INFO - [2026-05-31T11:06:44.446+0000] {dag.py:2915} INFO - Sync 1 DAGs
[2026-05-31T11:06:44.486+0000] {logging_mixin.py:151} INFO - [2026-05-31T11:06:44.486+0000] {dag.py:3696} INFO - Setting next_dagrun for olist_spark_load to None, run_after=None
[2026-05-31T11:06:44.866+0000] {processor.py:179} INFO - Processing /opt/airflow/dags/spark_load_dag.py took 0.517 seconds
[2026-05-31T11:07:15.360+0000] {processor.py:157} INFO - Started process (PID=268) to work on /opt/airflow/dags/spark_load_dag.py
[2026-05-31T11:07:15.363+0000] {processor.py:829} INFO - Processing file /opt/airflow/dags/spark_load_dag.py for tasks to queue
[2026-05-31T11:07:15.365+0000] {logging_mixin.py:151} INFO - [2026-05-31T11:07:15.365+0000] {dagbag.py:539} INFO - Filling up the DagBag from /opt/airflow/dags/spark_load_dag.py
[2026-05-31T11:07:15.393+0000] {processor.py:839} INFO - DAG(s) dict_keys(['olist_spark_load']) retrieved from /opt/airflow/dags/spark_load_dag.py
[2026-05-31T11:07:15.439+0000] {logging_mixin.py:151} INFO - [2026-05-31T11:07:15.438+0000] {dag.py:2915} INFO - Sync 1 DAGs
[2026-05-31T11:07:15.591+0000] {logging_mixin.py:151} INFO - [2026-05-31T11:07:15.591+0000] {dag.py:3696} INFO - Setting next_dagrun for olist_spark_load to None, run_after=None
[2026-05-31T11:07:15.618+0000] {processor.py:179} INFO - Processing /opt/airflow/dags/spark_load_dag.py took 0.262 seconds
[2026-05-31T11:07:45.989+0000] {processor.py:157} INFO - Started process (PID=283) to work on /opt/airflow/dags/spark_load_dag.py
[2026-05-31T11:07:45.990+0000] {processor.py:829} INFO - Processing file /opt/airflow/dags/spark_load_dag.py for tasks to queue
[2026-05-31T11:07:45.992+0000] {logging_mixin.py:151} INFO - [2026-05-31T11:07:45.991+0000] {dagbag.py:539} INFO - Filling up the DagBag from /opt/airflow/dags/spark_load_dag.py
[2026-05-31T11:07:46.021+0000] {processor.py:839} INFO - DAG(s) dict_keys(['olist_spark_load']) retrieved from /opt/airflow/dags/spark_load_dag.py
[2026-05-31T11:07:46.183+0000] {logging_mixin.py:151} INFO - [2026-05-31T11:07:46.183+0000] {dag.py:2915} INFO - Sync 1 DAGs
[2026-05-31T11:07:46.197+0000] {logging_mixin.py:151} INFO - [2026-05-31T11:07:46.197+0000] {dag.py:3696} INFO - Setting next_dagrun for olist_spark_load to None, run_after=None
[2026-05-31T11:07:46.224+0000] {processor.py:179} INFO - Processing /opt/airflow/dags/spark_load_dag.py took 0.240 seconds
[2026-05-31T11:08:16.705+0000] {processor.py:157} INFO - Started process (PID=305) to work on /opt/airflow/dags/spark_load_dag.py
[2026-05-31T11:08:16.706+0000] {processor.py:829} INFO - Processing file /opt/airflow/dags/spark_load_dag.py for tasks to queue
[2026-05-31T11:08:16.708+0000] {logging_mixin.py:151} INFO - [2026-05-31T11:08:16.708+0000] {dagbag.py:539} INFO - Filling up the DagBag from /opt/airflow/dags/spark_load_dag.py
[2026-05-31T11:08:16.749+0000] {processor.py:839} INFO - DAG(s) dict_keys(['olist_spark_load']) retrieved from /opt/airflow/dags/spark_load_dag.py
[2026-05-31T11:08:16.798+0000] {logging_mixin.py:151} INFO - [2026-05-31T11:08:16.797+0000] {dag.py:2915} INFO - Sync 1 DAGs
[2026-05-31T11:08:16.823+0000] {logging_mixin.py:151} INFO - [2026-05-31T11:08:16.822+0000] {dag.py:3696} INFO - Setting next_dagrun for olist_spark_load to None, run_after=None
[2026-05-31T11:08:16.853+0000] {processor.py:179} INFO - Processing /opt/airflow/dags/spark_load_dag.py took 0.154 seconds
[2026-05-31T11:08:47.271+0000] {processor.py:157} INFO - Started process (PID=323) to work on /opt/airflow/dags/spark_load_dag.py
[2026-05-31T11:08:47.272+0000] {processor.py:829} INFO - Processing file /opt/airflow/dags/spark_load_dag.py for tasks to queue
[2026-05-31T11:08:47.274+0000] {logging_mixin.py:151} INFO - [2026-05-31T11:08:47.273+0000] {dagbag.py:539} INFO - Filling up the DagBag from /opt/airflow/dags/spark_load_dag.py
[2026-05-31T11:08:47.305+0000] {processor.py:839} INFO - DAG(s) dict_keys(['olist_spark_load']) retrieved from /opt/airflow/dags/spark_load_dag.py
[2026-05-31T11:08:47.341+0000] {logging_mixin.py:151} INFO - [2026-05-31T11:08:47.341+0000] {dag.py:2915} INFO - Sync 1 DAGs
[2026-05-31T11:08:47.355+0000] {logging_mixin.py:151} INFO - [2026-05-31T11:08:47.355+0000] {dag.py:3696} INFO - Setting next_dagrun for olist_spark_load to None, run_after=None
[2026-05-31T11:08:47.380+0000] {processor.py:179} INFO - Processing /opt/airflow/dags/spark_load_dag.py took 0.113 seconds
[2026-05-31T11:09:17.806+0000] {processor.py:157} INFO - Started process (PID=355) to work on /opt/airflow/dags/spark_load_dag.py
[2026-05-31T11:09:17.807+0000] {processor.py:829} INFO - Processing file /opt/airflow/dags/spark_load_dag.py for tasks to queue
[2026-05-31T11:09:17.809+0000] {logging_mixin.py:151} INFO - [2026-05-31T11:09:17.808+0000] {dagbag.py:539} INFO - Filling up the DagBag from /opt/airflow/dags/spark_load_dag.py
[2026-05-31T11:09:17.838+0000] {processor.py:839} INFO - DAG(s) dict_keys(['olist_spark_load']) retrieved from /opt/airflow/dags/spark_load_dag.py
[2026-05-31T11:09:17.874+0000] {logging_mixin.py:151} INFO - [2026-05-31T11:09:17.874+0000] {dag.py:2915} INFO - Sync 1 DAGs
[2026-05-31T11:09:17.892+0000] {logging_mixin.py:151} INFO - [2026-05-31T11:09:17.892+0000] {dag.py:3696} INFO - Setting next_dagrun for olist_spark_load to None, run_after=None
[2026-05-31T11:09:17.919+0000] {processor.py:179} INFO - Processing /opt/airflow/dags/spark_load_dag.py took 0.116 seconds
[2026-05-31T11:09:48.462+0000] {processor.py:157} INFO - Started process (PID=370) to work on /opt/airflow/dags/spark_load_dag.py
[2026-05-31T11:09:48.463+0000] {processor.py:829} INFO - Processing file /opt/airflow/dags/spark_load_dag.py for tasks to queue
[2026-05-31T11:09:48.465+0000] {logging_mixin.py:151} INFO - [2026-05-31T11:09:48.464+0000] {dagbag.py:539} INFO - Filling up the DagBag from /opt/airflow/dags/spark_load_dag.py
[2026-05-31T11:09:48.501+0000] {processor.py:839} INFO - DAG(s) dict_keys(['olist_spark_load']) retrieved from /opt/airflow/dags/spark_load_dag.py
[2026-05-31T11:09:48.545+0000] {logging_mixin.py:151} INFO - [2026-05-31T11:09:48.545+0000] {dag.py:2915} INFO - Sync 1 DAGs
[2026-05-31T11:09:48.563+0000] {logging_mixin.py:151} INFO - [2026-05-31T11:09:48.563+0000] {dag.py:3696} INFO - Setting next_dagrun for olist_spark_load to None, run_after=None
[2026-05-31T11:09:48.590+0000] {processor.py:179} INFO - Processing /opt/airflow/dags/spark_load_dag.py took 0.133 seconds
[2026-05-31T11:10:19.141+0000] {processor.py:157} INFO - Started process (PID=391) to work on /opt/airflow/dags/spark_load_dag.py
[2026-05-31T11:10:19.142+0000] {processor.py:829} INFO - Processing file /opt/airflow/dags/spark_load_dag.py for tasks to queue
[2026-05-31T11:10:19.144+0000] {logging_mixin.py:151} INFO - [2026-05-31T11:10:19.143+0000] {dagbag.py:539} INFO - Filling up the DagBag from /opt/airflow/dags/spark_load_dag.py
[2026-05-31T11:10:19.180+0000] {processor.py:839} INFO - DAG(s) dict_keys(['olist_spark_load']) retrieved from /opt/airflow/dags/spark_load_dag.py
[2026-05-31T11:10:19.220+0000] {logging_mixin.py:151} INFO - [2026-05-31T11:10:19.220+0000] {dag.py:2915} INFO - Sync 1 DAGs
[2026-05-31T11:10:19.236+0000] {logging_mixin.py:151} INFO - [2026-05-31T11:10:19.235+0000] {dag.py:3696} INFO - Setting next_dagrun for olist_spark_load to None, run_after=None
[2026-05-31T11:10:19.259+0000] {processor.py:179} INFO - Processing /opt/airflow/dags/spark_load_dag.py took 0.123 seconds
[2026-05-31T11:10:49.783+0000] {processor.py:157} INFO - Started process (PID=406) to work on /opt/airflow/dags/spark_load_dag.py
[2026-05-31T11:10:49.784+0000] {processor.py:829} INFO - Processing file /opt/airflow/dags/spark_load_dag.py for tasks to queue
[2026-05-31T11:10:49.786+0000] {logging_mixin.py:151} INFO - [2026-05-31T11:10:49.786+0000] {dagbag.py:539} INFO - Filling up the DagBag from /opt/airflow/dags/spark_load_dag.py
[2026-05-31T11:10:49.827+0000] {processor.py:839} INFO - DAG(s) dict_keys(['olist_spark_load']) retrieved from /opt/airflow/dags/spark_load_dag.py
[2026-05-31T11:10:49.871+0000] {logging_mixin.py:151} INFO - [2026-05-31T11:10:49.871+0000] {dag.py:2915} INFO - Sync 1 DAGs
[2026-05-31T11:10:49.887+0000] {logging_mixin.py:151} INFO - [2026-05-31T11:10:49.887+0000] {dag.py:3696} INFO - Setting next_dagrun for olist_spark_load to None, run_after=None
[2026-05-31T11:10:49.911+0000] {processor.py:179} INFO - Processing /opt/airflow/dags/spark_load_dag.py took 0.136 seconds
[2026-05-31T11:11:20.418+0000] {processor.py:157} INFO - Started process (PID=421) to work on /opt/airflow/dags/spark_load_dag.py
[2026-05-31T11:11:20.420+0000] {processor.py:829} INFO - Processing file /opt/airflow/dags/spark_load_dag.py for tasks to queue
[2026-05-31T11:11:20.423+0000] {logging_mixin.py:151} INFO - [2026-05-31T11:11:20.422+0000] {dagbag.py:539} INFO - Filling up the DagBag from /opt/airflow/dags/spark_load_dag.py
[2026-05-31T11:11:20.456+0000] {processor.py:839} INFO - DAG(s) dict_keys(['olist_spark_load']) retrieved from /opt/airflow/dags/spark_load_dag.py
[2026-05-31T11:11:20.491+0000] {logging_mixin.py:151} INFO - [2026-05-31T11:11:20.490+0000] {dag.py:2915} INFO - Sync 1 DAGs
[2026-05-31T11:11:20.505+0000] {logging_mixin.py:151} INFO - [2026-05-31T11:11:20.505+0000] {dag.py:3696} INFO - Setting next_dagrun for olist_spark_load to None, run_after=None
[2026-05-31T11:11:20.530+0000] {processor.py:179} INFO - Processing /opt/airflow/dags/spark_load_dag.py took 0.120 seconds
[2026-05-31T11:11:50.973+0000] {processor.py:157} INFO - Started process (PID=436) to work on /opt/airflow/dags/spark_load_dag.py
[2026-05-31T11:11:50.975+0000] {processor.py:829} INFO - Processing file /opt/airflow/dags/spark_load_dag.py for tasks to queue
[2026-05-31T11:11:50.976+0000] {logging_mixin.py:151} INFO - [2026-05-31T11:11:50.976+0000] {dagbag.py:539} INFO - Filling up the DagBag from /opt/airflow/dags/spark_load_dag.py
[2026-05-31T11:11:51.001+0000] {processor.py:839} INFO - DAG(s) dict_keys(['olist_spark_load']) retrieved from /opt/airflow/dags/spark_load_dag.py
[2026-05-31T11:11:51.037+0000] {logging_mixin.py:151} INFO - [2026-05-31T11:11:51.036+0000] {dag.py:2915} INFO - Sync 1 DAGs
[2026-05-31T11:11:51.053+0000] {logging_mixin.py:151} INFO - [2026-05-31T11:11:51.053+0000] {dag.py:3696} INFO - Setting next_dagrun for olist_spark_load to None, run_after=None
[2026-05-31T11:11:51.077+0000] {processor.py:179} INFO - Processing /opt/airflow/dags/spark_load_dag.py took 0.107 seconds
[2026-05-31T11:12:21.602+0000] {processor.py:157} INFO - Started process (PID=457) to work on /opt/airflow/dags/spark_load_dag.py
[2026-05-31T11:12:21.603+0000] {processor.py:829} INFO - Processing file /opt/airflow/dags/spark_load_dag.py for tasks to queue
[2026-05-31T11:12:21.604+0000] {logging_mixin.py:151} INFO - [2026-05-31T11:12:21.604+0000] {dagbag.py:539} INFO - Filling up the DagBag from /opt/airflow/dags/spark_load_dag.py
[2026-05-31T11:12:21.636+0000] {processor.py:839} INFO - DAG(s) dict_keys(['olist_spark_load']) retrieved from /opt/airflow/dags/spark_load_dag.py
[2026-05-31T11:12:21.678+0000] {logging_mixin.py:151} INFO - [2026-05-31T11:12:21.677+0000] {dag.py:2915} INFO - Sync 1 DAGs
[2026-05-31T11:12:21.695+0000] {logging_mixin.py:151} INFO - [2026-05-31T11:12:21.695+0000] {dag.py:3696} INFO - Setting next_dagrun for olist_spark_load to None, run_after=None
[2026-05-31T11:12:21.726+0000] {processor.py:179} INFO - Processing /opt/airflow/dags/spark_load_dag.py took 0.129 seconds
[2026-05-31T11:12:52.281+0000] {processor.py:157} INFO - Started process (PID=478) to work on /opt/airflow/dags/spark_load_dag.py
[2026-05-31T11:12:52.283+0000] {processor.py:829} INFO - Processing file /opt/airflow/dags/spark_load_dag.py for tasks to queue
[2026-05-31T11:12:52.285+0000] {logging_mixin.py:151} INFO - [2026-05-31T11:12:52.285+0000] {dagbag.py:539} INFO - Filling up the DagBag from /opt/airflow/dags/spark_load_dag.py
[2026-05-31T11:12:52.326+0000] {processor.py:839} INFO - DAG(s) dict_keys(['olist_spark_load']) retrieved from /opt/airflow/dags/spark_load_dag.py
[2026-05-31T11:12:52.368+0000] {logging_mixin.py:151} INFO - [2026-05-31T11:12:52.368+0000] {dag.py:2915} INFO - Sync 1 DAGs
[2026-05-31T11:12:52.385+0000] {logging_mixin.py:151} INFO - [2026-05-31T11:12:52.385+0000] {dag.py:3696} INFO - Setting next_dagrun for olist_spark_load to None, run_after=None
[2026-05-31T11:12:52.410+0000] {processor.py:179} INFO - Processing /opt/airflow/dags/spark_load_dag.py took 0.138 seconds
[2026-05-31T11:13:22.955+0000] {processor.py:157} INFO - Started process (PID=493) to work on /opt/airflow/dags/spark_load_dag.py
[2026-05-31T11:13:22.956+0000] {processor.py:829} INFO - Processing file /opt/airflow/dags/spark_load_dag.py for tasks to queue
[2026-05-31T11:13:22.957+0000] {logging_mixin.py:151} INFO - [2026-05-31T11:13:22.957+0000] {dagbag.py:539} INFO - Filling up the DagBag from /opt/airflow/dags/spark_load_dag.py
[2026-05-31T11:13:22.996+0000] {processor.py:839} INFO - DAG(s) dict_keys(['olist_spark_load']) retrieved from /opt/airflow/dags/spark_load_dag.py
[2026-05-31T11:13:23.030+0000] {logging_mixin.py:151} INFO - [2026-05-31T11:13:23.030+0000] {dag.py:2915} INFO - Sync 1 DAGs
[2026-05-31T11:13:23.045+0000] {logging_mixin.py:151} INFO - [2026-05-31T11:13:23.045+0000] {dag.py:3696} INFO - Setting next_dagrun for olist_spark_load to None, run_after=None
[2026-05-31T11:13:23.069+0000] {processor.py:179} INFO - Processing /opt/airflow/dags/spark_load_dag.py took 0.120 seconds
[2026-05-31T11:13:53.601+0000] {processor.py:157} INFO - Started process (PID=508) to work on /opt/airflow/dags/spark_load_dag.py
[2026-05-31T11:13:53.603+0000] {processor.py:829} INFO - Processing file /opt/airflow/dags/spark_load_dag.py for tasks to queue
[2026-05-31T11:13:53.604+0000] {logging_mixin.py:151} INFO - [2026-05-31T11:13:53.604+0000] {dagbag.py:539} INFO - Filling up the DagBag from /opt/airflow/dags/spark_load_dag.py
[2026-05-31T11:13:53.636+0000] {processor.py:839} INFO - DAG(s) dict_keys(['olist_spark_load']) retrieved from /opt/airflow/dags/spark_load_dag.py
[2026-05-31T11:13:53.676+0000] {logging_mixin.py:151} INFO - [2026-05-31T11:13:53.675+0000] {dag.py:2915} INFO - Sync 1 DAGs
[2026-05-31T11:13:53.693+0000] {logging_mixin.py:151} INFO - [2026-05-31T11:13:53.693+0000] {dag.py:3696} INFO - Setting next_dagrun for olist_spark_load to None, run_after=None
[2026-05-31T11:13:53.719+0000] {processor.py:179} INFO - Processing /opt/airflow/dags/spark_load_dag.py took 0.122 seconds
[2026-05-31T11:14:24.209+0000] {processor.py:157} INFO - Started process (PID=529) to work on /opt/airflow/dags/spark_load_dag.py
[2026-05-31T11:14:24.210+0000] {processor.py:829} INFO - Processing file /opt/airflow/dags/spark_load_dag.py for tasks to queue
[2026-05-31T11:14:24.211+0000] {logging_mixin.py:151} INFO - [2026-05-31T11:14:24.211+0000] {dagbag.py:539} INFO - Filling up the DagBag from /opt/airflow/dags/spark_load_dag.py
[2026-05-31T11:14:24.241+0000] {processor.py:839} INFO - DAG(s) dict_keys(['olist_spark_load']) retrieved from /opt/airflow/dags/spark_load_dag.py
[2026-05-31T11:14:24.281+0000] {logging_mixin.py:151} INFO - [2026-05-31T11:14:24.281+0000] {dag.py:2915} INFO - Sync 1 DAGs
[2026-05-31T11:14:24.299+0000] {logging_mixin.py:151} INFO - [2026-05-31T11:14:24.298+0000] {dag.py:3696} INFO - Setting next_dagrun for olist_spark_load to None, run_after=None
[2026-05-31T11:14:24.324+0000] {processor.py:179} INFO - Processing /opt/airflow/dags/spark_load_dag.py took 0.120 seconds
[2026-05-31T11:14:54.749+0000] {processor.py:157} INFO - Started process (PID=544) to work on /opt/airflow/dags/spark_load_dag.py
[2026-05-31T11:14:54.751+0000] {processor.py:829} INFO - Processing file /opt/airflow/dags/spark_load_dag.py for tasks to queue
[2026-05-31T11:14:54.753+0000] {logging_mixin.py:151} INFO - [2026-05-31T11:14:54.753+0000] {dagbag.py:539} INFO - Filling up the DagBag from /opt/airflow/dags/spark_load_dag.py
[2026-05-31T11:14:54.788+0000] {processor.py:839} INFO - DAG(s) dict_keys(['olist_spark_load']) retrieved from /opt/airflow/dags/spark_load_dag.py
[2026-05-31T11:14:54.838+0000] {logging_mixin.py:151} INFO - [2026-05-31T11:14:54.837+0000] {dag.py:2915} INFO - Sync 1 DAGs
[2026-05-31T11:14:54.857+0000] {logging_mixin.py:151} INFO - [2026-05-31T11:14:54.857+0000] {dag.py:3696} INFO - Setting next_dagrun for olist_spark_load to None, run_after=None
[2026-05-31T11:14:54.901+0000] {processor.py:179} INFO - Processing /opt/airflow/dags/spark_load_dag.py took 0.159 seconds
[2026-05-31T11:15:25.408+0000] {processor.py:157} INFO - Started process (PID=566) to work on /opt/airflow/dags/spark_load_dag.py
[2026-05-31T11:15:25.410+0000] {processor.py:829} INFO - Processing file /opt/airflow/dags/spark_load_dag.py for tasks to queue
[2026-05-31T11:15:25.411+0000] {logging_mixin.py:151} INFO - [2026-05-31T11:15:25.411+0000] {dagbag.py:539} INFO - Filling up the DagBag from /opt/airflow/dags/spark_load_dag.py
[2026-05-31T11:15:25.445+0000] {processor.py:839} INFO - DAG(s) dict_keys(['olist_spark_load']) retrieved from /opt/airflow/dags/spark_load_dag.py
[2026-05-31T11:15:25.483+0000] {logging_mixin.py:151} INFO - [2026-05-31T11:15:25.483+0000] {dag.py:2915} INFO - Sync 1 DAGs
[2026-05-31T11:15:25.499+0000] {logging_mixin.py:151} INFO - [2026-05-31T11:15:25.498+0000] {dag.py:3696} INFO - Setting next_dagrun for olist_spark_load to None, run_after=None
[2026-05-31T11:15:25.527+0000] {processor.py:179} INFO - Processing /opt/airflow/dags/spark_load_dag.py took 0.125 seconds
[2026-05-31T11:15:56.054+0000] {processor.py:157} INFO - Started process (PID=582) to work on /opt/airflow/dags/spark_load_dag.py
[2026-05-31T11:15:56.055+0000] {processor.py:829} INFO - Processing file /opt/airflow/dags/spark_load_dag.py for tasks to queue
[2026-05-31T11:15:56.056+0000] {logging_mixin.py:151} INFO - [2026-05-31T11:15:56.056+0000] {dagbag.py:539} INFO - Filling up the DagBag from /opt/airflow/dags/spark_load_dag.py
[2026-05-31T11:15:56.088+0000] {processor.py:839} INFO - DAG(s) dict_keys(['olist_spark_load']) retrieved from /opt/airflow/dags/spark_load_dag.py
[2026-05-31T11:15:56.129+0000] {logging_mixin.py:151} INFO - [2026-05-31T11:15:56.128+0000] {dag.py:2915} INFO - Sync 1 DAGs
[2026-05-31T11:15:56.146+0000] {logging_mixin.py:151} INFO - [2026-05-31T11:15:56.146+0000] {dag.py:3696} INFO - Setting next_dagrun for olist_spark_load to None, run_after=None
[2026-05-31T11:15:56.172+0000] {processor.py:179} INFO - Processing /opt/airflow/dags/spark_load_dag.py took 0.122 seconds
[2026-05-31T11:16:26.716+0000] {processor.py:157} INFO - Started process (PID=599) to work on /opt/airflow/dags/spark_load_dag.py
[2026-05-31T11:16:26.718+0000] {processor.py:829} INFO - Processing file /opt/airflow/dags/spark_load_dag.py for tasks to queue
[2026-05-31T11:16:26.721+0000] {logging_mixin.py:151} INFO - [2026-05-31T11:16:26.720+0000] {dagbag.py:539} INFO - Filling up the DagBag from /opt/airflow/dags/spark_load_dag.py
[2026-05-31T11:16:26.775+0000] {processor.py:839} INFO - DAG(s) dict_keys(['olist_spark_load']) retrieved from /opt/airflow/dags/spark_load_dag.py
[2026-05-31T11:16:26.840+0000] {logging_mixin.py:151} INFO - [2026-05-31T11:16:26.839+0000] {dag.py:2915} INFO - Sync 1 DAGs
[2026-05-31T11:16:26.864+0000] {logging_mixin.py:151} INFO - [2026-05-31T11:16:26.864+0000] {dag.py:3696} INFO - Setting next_dagrun for olist_spark_load to None, run_after=None
[2026-05-31T11:16:26.890+0000] {processor.py:179} INFO - Processing /opt/airflow/dags/spark_load_dag.py took 0.184 seconds
[2026-05-31T11:16:57.339+0000] {processor.py:157} INFO - Started process (PID=614) to work on /opt/airflow/dags/spark_load_dag.py
[2026-05-31T11:16:57.340+0000] {processor.py:829} INFO - Processing file /opt/airflow/dags/spark_load_dag.py for tasks to queue
[2026-05-31T11:16:57.342+0000] {logging_mixin.py:151} INFO - [2026-05-31T11:16:57.341+0000] {dagbag.py:539} INFO - Filling up the DagBag from /opt/airflow/dags/spark_load_dag.py
[2026-05-31T11:16:57.378+0000] {processor.py:839} INFO - DAG(s) dict_keys(['olist_spark_load']) retrieved from /opt/airflow/dags/spark_load_dag.py
[2026-05-31T11:16:57.422+0000] {logging_mixin.py:151} INFO - [2026-05-31T11:16:57.421+0000] {dag.py:2915} INFO - Sync 1 DAGs
[2026-05-31T11:16:57.440+0000] {logging_mixin.py:151} INFO - [2026-05-31T11:16:57.439+0000] {dag.py:3696} INFO - Setting next_dagrun for olist_spark_load to None, run_after=None
[2026-05-31T11:16:57.471+0000] {processor.py:179} INFO - Processing /opt/airflow/dags/spark_load_dag.py took 0.137 seconds
[2026-05-31T11:17:27.944+0000] {processor.py:157} INFO - Started process (PID=629) to work on /opt/airflow/dags/spark_load_dag.py
[2026-05-31T11:17:27.945+0000] {processor.py:829} INFO - Processing file /opt/airflow/dags/spark_load_dag.py for tasks to queue
[2026-05-31T11:17:27.946+0000] {logging_mixin.py:151} INFO - [2026-05-31T11:17:27.946+0000] {dagbag.py:539} INFO - Filling up the DagBag from /opt/airflow/dags/spark_load_dag.py
[2026-05-31T11:17:27.976+0000] {processor.py:839} INFO - DAG(s) dict_keys(['olist_spark_load']) retrieved from /opt/airflow/dags/spark_load_dag.py
[2026-05-31T11:17:28.014+0000] {logging_mixin.py:151} INFO - [2026-05-31T11:17:28.014+0000] {dag.py:2915} INFO - Sync 1 DAGs
[2026-05-31T11:17:28.031+0000] {logging_mixin.py:151} INFO - [2026-05-31T11:17:28.031+0000] {dag.py:3696} INFO - Setting next_dagrun for olist_spark_load to None, run_after=None
[2026-05-31T11:17:28.059+0000] {processor.py:179} INFO - Processing /opt/airflow/dags/spark_load_dag.py took 0.119 seconds
[2026-05-31T11:17:58.539+0000] {processor.py:157} INFO - Started process (PID=651) to work on /opt/airflow/dags/spark_load_dag.py
[2026-05-31T11:17:58.540+0000] {processor.py:829} INFO - Processing file /opt/airflow/dags/spark_load_dag.py for tasks to queue
[2026-05-31T11:17:58.543+0000] {logging_mixin.py:151} INFO - [2026-05-31T11:17:58.542+0000] {dagbag.py:539} INFO - Filling up the DagBag from /opt/airflow/dags/spark_load_dag.py
[2026-05-31T11:17:58.585+0000] {processor.py:839} INFO - DAG(s) dict_keys(['olist_spark_load']) retrieved from /opt/airflow/dags/spark_load_dag.py
[2026-05-31T11:17:58.633+0000] {logging_mixin.py:151} INFO - [2026-05-31T11:17:58.633+0000] {dag.py:2915} INFO - Sync 1 DAGs
[2026-05-31T11:17:58.650+0000] {logging_mixin.py:151} INFO - [2026-05-31T11:17:58.649+0000] {dag.py:3696} INFO - Setting next_dagrun for olist_spark_load to None, run_after=None
[2026-05-31T11:17:58.677+0000] {processor.py:179} INFO - Processing /opt/airflow/dags/spark_load_dag.py took 0.143 seconds
[2026-05-31T11:18:29.237+0000] {processor.py:157} INFO - Started process (PID=666) to work on /opt/airflow/dags/spark_load_dag.py
[2026-05-31T11:18:29.238+0000] {processor.py:829} INFO - Processing file /opt/airflow/dags/spark_load_dag.py for tasks to queue
[2026-05-31T11:18:29.240+0000] {logging_mixin.py:151} INFO - [2026-05-31T11:18:29.240+0000] {dagbag.py:539} INFO - Filling up the DagBag from /opt/airflow/dags/spark_load_dag.py
[2026-05-31T11:18:29.273+0000] {processor.py:839} INFO - DAG(s) dict_keys(['olist_spark_load']) retrieved from /opt/airflow/dags/spark_load_dag.py
[2026-05-31T11:18:29.326+0000] {logging_mixin.py:151} INFO - [2026-05-31T11:18:29.326+0000] {dag.py:2915} INFO - Sync 1 DAGs
[2026-05-31T11:18:29.346+0000] {logging_mixin.py:151} INFO - [2026-05-31T11:18:29.346+0000] {dag.py:3696} INFO - Setting next_dagrun for olist_spark_load to None, run_after=None
[2026-05-31T11:18:29.395+0000] {processor.py:179} INFO - Processing /opt/airflow/dags/spark_load_dag.py took 0.164 seconds
[2026-05-31T11:18:59.884+0000] {processor.py:157} INFO - Started process (PID=681) to work on /opt/airflow/dags/spark_load_dag.py
[2026-05-31T11:18:59.885+0000] {processor.py:829} INFO - Processing file /opt/airflow/dags/spark_load_dag.py for tasks to queue
[2026-05-31T11:18:59.886+0000] {logging_mixin.py:151} INFO - [2026-05-31T11:18:59.886+0000] {dagbag.py:539} INFO - Filling up the DagBag from /opt/airflow/dags/spark_load_dag.py
[2026-05-31T11:18:59.922+0000] {processor.py:839} INFO - DAG(s) dict_keys(['olist_spark_load']) retrieved from /opt/airflow/dags/spark_load_dag.py
[2026-05-31T11:18:59.969+0000] {logging_mixin.py:151} INFO - [2026-05-31T11:18:59.969+0000] {dag.py:2915} INFO - Sync 1 DAGs
[2026-05-31T11:18:59.987+0000] {logging_mixin.py:151} INFO - [2026-05-31T11:18:59.987+0000] {dag.py:3696} INFO - Setting next_dagrun for olist_spark_load to None, run_after=None
[2026-05-31T11:19:00.016+0000] {processor.py:179} INFO - Processing /opt/airflow/dags/spark_load_dag.py took 0.136 seconds
[2026-05-31T11:19:30.512+0000] {processor.py:157} INFO - Started process (PID=696) to work on /opt/airflow/dags/spark_load_dag.py
[2026-05-31T11:19:30.512+0000] {processor.py:829} INFO - Processing file /opt/airflow/dags/spark_load_dag.py for tasks to queue
[2026-05-31T11:19:30.514+0000] {logging_mixin.py:151} INFO - [2026-05-31T11:19:30.513+0000] {dagbag.py:539} INFO - Filling up the DagBag from /opt/airflow/dags/spark_load_dag.py
[2026-05-31T11:19:30.543+0000] {processor.py:839} INFO - DAG(s) dict_keys(['olist_spark_load']) retrieved from /opt/airflow/dags/spark_load_dag.py
[2026-05-31T11:19:30.585+0000] {logging_mixin.py:151} INFO - [2026-05-31T11:19:30.585+0000] {dag.py:2915} INFO - Sync 1 DAGs
[2026-05-31T11:19:30.603+0000] {logging_mixin.py:151} INFO - [2026-05-31T11:19:30.602+0000] {dag.py:3696} INFO - Setting next_dagrun for olist_spark_load to None, run_after=None
[2026-05-31T11:19:30.629+0000] {processor.py:179} INFO - Processing /opt/airflow/dags/spark_load_dag.py took 0.122 seconds
[2026-05-31T11:20:01.145+0000] {processor.py:157} INFO - Started process (PID=711) to work on /opt/airflow/dags/spark_load_dag.py
[2026-05-31T11:20:01.146+0000] {processor.py:829} INFO - Processing file /opt/airflow/dags/spark_load_dag.py for tasks to queue
[2026-05-31T11:20:01.147+0000] {logging_mixin.py:151} INFO - [2026-05-31T11:20:01.147+0000] {dagbag.py:539} INFO - Filling up the DagBag from /opt/airflow/dags/spark_load_dag.py
[2026-05-31T11:20:01.172+0000] {processor.py:839} INFO - DAG(s) dict_keys(['olist_spark_load']) retrieved from /opt/airflow/dags/spark_load_dag.py
[2026-05-31T11:20:01.210+0000] {logging_mixin.py:151} INFO - [2026-05-31T11:20:01.210+0000] {dag.py:2915} INFO - Sync 1 DAGs
[2026-05-31T11:20:01.227+0000] {logging_mixin.py:151} INFO - [2026-05-31T11:20:01.226+0000] {dag.py:3696} INFO - Setting next_dagrun for olist_spark_load to None, run_after=None
[2026-05-31T11:20:01.251+0000] {processor.py:179} INFO - Processing /opt/airflow/dags/spark_load_dag.py took 0.112 seconds
[2026-05-31T11:20:31.770+0000] {processor.py:157} INFO - Started process (PID=726) to work on /opt/airflow/dags/spark_load_dag.py
[2026-05-31T11:20:31.771+0000] {processor.py:829} INFO - Processing file /opt/airflow/dags/spark_load_dag.py for tasks to queue
[2026-05-31T11:20:31.772+0000] {logging_mixin.py:151} INFO - [2026-05-31T11:20:31.772+0000] {dagbag.py:539} INFO - Filling up the DagBag from /opt/airflow/dags/spark_load_dag.py
[2026-05-31T11:20:31.802+0000] {processor.py:839} INFO - DAG(s) dict_keys(['olist_spark_load']) retrieved from /opt/airflow/dags/spark_load_dag.py
[2026-05-31T11:20:31.844+0000] {logging_mixin.py:151} INFO - [2026-05-31T11:20:31.844+0000] {dag.py:2915} INFO - Sync 1 DAGs
[2026-05-31T11:20:31.863+0000] {logging_mixin.py:151} INFO - [2026-05-31T11:20:31.862+0000] {dag.py:3696} INFO - Setting next_dagrun for olist_spark_load to None, run_after=None
[2026-05-31T11:20:31.889+0000] {processor.py:179} INFO - Processing /opt/airflow/dags/spark_load_dag.py took 0.124 seconds
[2026-05-31T11:21:02.402+0000] {processor.py:157} INFO - Started process (PID=741) to work on /opt/airflow/dags/spark_load_dag.py
[2026-05-31T11:21:02.405+0000] {processor.py:829} INFO - Processing file /opt/airflow/dags/spark_load_dag.py for tasks to queue
[2026-05-31T11:21:02.408+0000] {logging_mixin.py:151} INFO - [2026-05-31T11:21:02.407+0000] {dagbag.py:539} INFO - Filling up the DagBag from /opt/airflow/dags/spark_load_dag.py
[2026-05-31T11:21:02.458+0000] {processor.py:839} INFO - DAG(s) dict_keys(['olist_spark_load']) retrieved from /opt/airflow/dags/spark_load_dag.py
[2026-05-31T11:21:02.510+0000] {logging_mixin.py:151} INFO - [2026-05-31T11:21:02.509+0000] {dag.py:2915} INFO - Sync 1 DAGs
[2026-05-31T11:21:02.525+0000] {logging_mixin.py:151} INFO - [2026-05-31T11:21:02.525+0000] {dag.py:3696} INFO - Setting next_dagrun for olist_spark_load to None, run_after=None
[2026-05-31T11:21:02.552+0000] {processor.py:179} INFO - Processing /opt/airflow/dags/spark_load_dag.py took 0.160 seconds
[2026-05-31T11:21:33.043+0000] {processor.py:157} INFO - Started process (PID=756) to work on /opt/airflow/dags/spark_load_dag.py
[2026-05-31T11:21:33.044+0000] {processor.py:829} INFO - Processing file /opt/airflow/dags/spark_load_dag.py for tasks to queue
[2026-05-31T11:21:33.045+0000] {logging_mixin.py:151} INFO - [2026-05-31T11:21:33.045+0000] {dagbag.py:539} INFO - Filling up the DagBag from /opt/airflow/dags/spark_load_dag.py
[2026-05-31T11:21:33.074+0000] {processor.py:839} INFO - DAG(s) dict_keys(['olist_spark_load']) retrieved from /opt/airflow/dags/spark_load_dag.py
[2026-05-31T11:21:33.110+0000] {logging_mixin.py:151} INFO - [2026-05-31T11:21:33.110+0000] {dag.py:2915} INFO - Sync 1 DAGs
[2026-05-31T11:21:33.126+0000] {logging_mixin.py:151} INFO - [2026-05-31T11:21:33.126+0000] {dag.py:3696} INFO - Setting next_dagrun for olist_spark_load to None, run_after=None
[2026-05-31T11:21:33.149+0000] {processor.py:179} INFO - Processing /opt/airflow/dags/spark_load_dag.py took 0.111 seconds
[2026-05-31T11:22:03.727+0000] {processor.py:157} INFO - Started process (PID=771) to work on /opt/airflow/dags/spark_load_dag.py
[2026-05-31T11:22:03.728+0000] {processor.py:829} INFO - Processing file /opt/airflow/dags/spark_load_dag.py for tasks to queue
[2026-05-31T11:22:03.729+0000] {logging_mixin.py:151} INFO - [2026-05-31T11:22:03.729+0000] {dagbag.py:539} INFO - Filling up the DagBag from /opt/airflow/dags/spark_load_dag.py
[2026-05-31T11:22:03.756+0000] {processor.py:839} INFO - DAG(s) dict_keys(['olist_spark_load']) retrieved from /opt/airflow/dags/spark_load_dag.py
[2026-05-31T11:22:03.789+0000] {logging_mixin.py:151} INFO - [2026-05-31T11:22:03.789+0000] {dag.py:2915} INFO - Sync 1 DAGs
[2026-05-31T11:22:03.803+0000] {logging_mixin.py:151} INFO - [2026-05-31T11:22:03.803+0000] {dag.py:3696} INFO - Setting next_dagrun for olist_spark_load to None, run_after=None
[2026-05-31T11:22:03.828+0000] {processor.py:179} INFO - Processing /opt/airflow/dags/spark_load_dag.py took 0.105 seconds
[2026-05-31T11:22:34.351+0000] {processor.py:157} INFO - Started process (PID=786) to work on /opt/airflow/dags/spark_load_dag.py
[2026-05-31T11:22:34.353+0000] {processor.py:829} INFO - Processing file /opt/airflow/dags/spark_load_dag.py for tasks to queue
[2026-05-31T11:22:34.356+0000] {logging_mixin.py:151} INFO - [2026-05-31T11:22:34.355+0000] {dagbag.py:539} INFO - Filling up the DagBag from /opt/airflow/dags/spark_load_dag.py
[2026-05-31T11:22:34.387+0000] {processor.py:839} INFO - DAG(s) dict_keys(['olist_spark_load']) retrieved from /opt/airflow/dags/spark_load_dag.py
[2026-05-31T11:22:34.438+0000] {logging_mixin.py:151} INFO - [2026-05-31T11:22:34.438+0000] {dag.py:2915} INFO - Sync 1 DAGs
[2026-05-31T11:22:34.458+0000] {logging_mixin.py:151} INFO - [2026-05-31T11:22:34.458+0000] {dag.py:3696} INFO - Setting next_dagrun for olist_spark_load to None, run_after=None
[2026-05-31T11:22:34.490+0000] {processor.py:179} INFO - Processing /opt/airflow/dags/spark_load_dag.py took 0.148 seconds
[2026-05-31T11:23:05.042+0000] {processor.py:157} INFO - Started process (PID=801) to work on /opt/airflow/dags/spark_load_dag.py
[2026-05-31T11:23:05.044+0000] {processor.py:829} INFO - Processing file /opt/airflow/dags/spark_load_dag.py for tasks to queue
[2026-05-31T11:23:05.045+0000] {logging_mixin.py:151} INFO - [2026-05-31T11:23:05.045+0000] {dagbag.py:539} INFO - Filling up the DagBag from /opt/airflow/dags/spark_load_dag.py
[2026-05-31T11:23:05.082+0000] {processor.py:839} INFO - DAG(s) dict_keys(['olist_spark_load']) retrieved from /opt/airflow/dags/spark_load_dag.py
[2026-05-31T11:23:05.125+0000] {logging_mixin.py:151} INFO - [2026-05-31T11:23:05.124+0000] {dag.py:2915} INFO - Sync 1 DAGs
[2026-05-31T11:23:05.140+0000] {logging_mixin.py:151} INFO - [2026-05-31T11:23:05.140+0000] {dag.py:3696} INFO - Setting next_dagrun for olist_spark_load to None, run_after=None
[2026-05-31T11:23:05.164+0000] {processor.py:179} INFO - Processing /opt/airflow/dags/spark_load_dag.py took 0.127 seconds
[2026-05-31T11:23:35.696+0000] {processor.py:157} INFO - Started process (PID=816) to work on /opt/airflow/dags/spark_load_dag.py
[2026-05-31T11:23:35.697+0000] {processor.py:829} INFO - Processing file /opt/airflow/dags/spark_load_dag.py for tasks to queue
[2026-05-31T11:23:35.698+0000] {logging_mixin.py:151} INFO - [2026-05-31T11:23:35.698+0000] {dagbag.py:539} INFO - Filling up the DagBag from /opt/airflow/dags/spark_load_dag.py
[2026-05-31T11:23:35.727+0000] {processor.py:839} INFO - DAG(s) dict_keys(['olist_spark_load']) retrieved from /opt/airflow/dags/spark_load_dag.py
[2026-05-31T11:23:35.773+0000] {logging_mixin.py:151} INFO - [2026-05-31T11:23:35.772+0000] {dag.py:2915} INFO - Sync 1 DAGs
[2026-05-31T11:23:35.788+0000] {logging_mixin.py:151} INFO - [2026-05-31T11:23:35.788+0000] {dag.py:3696} INFO - Setting next_dagrun for olist_spark_load to None, run_after=None
[2026-05-31T11:23:35.815+0000] {processor.py:179} INFO - Processing /opt/airflow/dags/spark_load_dag.py took 0.123 seconds
[2026-05-31T11:24:06.239+0000] {processor.py:157} INFO - Started process (PID=831) to work on /opt/airflow/dags/spark_load_dag.py
[2026-05-31T11:24:06.240+0000] {processor.py:829} INFO - Processing file /opt/airflow/dags/spark_load_dag.py for tasks to queue
[2026-05-31T11:24:06.241+0000] {logging_mixin.py:151} INFO - [2026-05-31T11:24:06.241+0000] {dagbag.py:539} INFO - Filling up the DagBag from /opt/airflow/dags/spark_load_dag.py
[2026-05-31T11:24:06.279+0000] {processor.py:839} INFO - DAG(s) dict_keys(['olist_spark_load']) retrieved from /opt/airflow/dags/spark_load_dag.py
[2026-05-31T11:24:06.316+0000] {logging_mixin.py:151} INFO - [2026-05-31T11:24:06.316+0000] {dag.py:2915} INFO - Sync 1 DAGs
[2026-05-31T11:24:06.332+0000] {logging_mixin.py:151} INFO - [2026-05-31T11:24:06.332+0000] {dag.py:3696} INFO - Setting next_dagrun for olist_spark_load to None, run_after=None
[2026-05-31T11:24:06.356+0000] {processor.py:179} INFO - Processing /opt/airflow/dags/spark_load_dag.py took 0.122 seconds
[2026-05-31T11:24:36.863+0000] {processor.py:157} INFO - Started process (PID=846) to work on /opt/airflow/dags/spark_load_dag.py
[2026-05-31T11:24:36.864+0000] {processor.py:829} INFO - Processing file /opt/airflow/dags/spark_load_dag.py for tasks to queue
[2026-05-31T11:24:36.865+0000] {logging_mixin.py:151} INFO - [2026-05-31T11:24:36.865+0000] {dagbag.py:539} INFO - Filling up the DagBag from /opt/airflow/dags/spark_load_dag.py
[2026-05-31T11:24:36.888+0000] {processor.py:839} INFO - DAG(s) dict_keys(['olist_spark_load']) retrieved from /opt/airflow/dags/spark_load_dag.py
[2026-05-31T11:24:36.930+0000] {logging_mixin.py:151} INFO - [2026-05-31T11:24:36.930+0000] {dag.py:2915} INFO - Sync 1 DAGs
[2026-05-31T11:24:36.946+0000] {logging_mixin.py:151} INFO - [2026-05-31T11:24:36.945+0000] {dag.py:3696} INFO - Setting next_dagrun for olist_spark_load to None, run_after=None
[2026-05-31T11:24:36.970+0000] {processor.py:179} INFO - Processing /opt/airflow/dags/spark_load_dag.py took 0.110 seconds
[2026-05-31T11:25:07.504+0000] {processor.py:157} INFO - Started process (PID=861) to work on /opt/airflow/dags/spark_load_dag.py
[2026-05-31T11:25:07.505+0000] {processor.py:829} INFO - Processing file /opt/airflow/dags/spark_load_dag.py for tasks to queue
[2026-05-31T11:25:07.507+0000] {logging_mixin.py:151} INFO - [2026-05-31T11:25:07.506+0000] {dagbag.py:539} INFO - Filling up the DagBag from /opt/airflow/dags/spark_load_dag.py
[2026-05-31T11:25:07.541+0000] {processor.py:839} INFO - DAG(s) dict_keys(['olist_spark_load']) retrieved from /opt/airflow/dags/spark_load_dag.py
[2026-05-31T11:25:07.581+0000] {logging_mixin.py:151} INFO - [2026-05-31T11:25:07.581+0000] {dag.py:2915} INFO - Sync 1 DAGs
[2026-05-31T11:25:07.599+0000] {logging_mixin.py:151} INFO - [2026-05-31T11:25:07.599+0000] {dag.py:3696} INFO - Setting next_dagrun for olist_spark_load to None, run_after=None
[2026-05-31T11:25:07.625+0000] {processor.py:179} INFO - Processing /opt/airflow/dags/spark_load_dag.py took 0.129 seconds
[2026-05-31T11:25:38.312+0000] {processor.py:157} INFO - Started process (PID=876) to work on /opt/airflow/dags/spark_load_dag.py
[2026-05-31T11:25:38.313+0000] {processor.py:829} INFO - Processing file /opt/airflow/dags/spark_load_dag.py for tasks to queue
[2026-05-31T11:25:38.315+0000] {logging_mixin.py:151} INFO - [2026-05-31T11:25:38.314+0000] {dagbag.py:539} INFO - Filling up the DagBag from /opt/airflow/dags/spark_load_dag.py
[2026-05-31T11:25:38.360+0000] {processor.py:839} INFO - DAG(s) dict_keys(['olist_spark_load']) retrieved from /opt/airflow/dags/spark_load_dag.py
[2026-05-31T11:25:38.396+0000] {logging_mixin.py:151} INFO - [2026-05-31T11:25:38.395+0000] {dag.py:2915} INFO - Sync 1 DAGs
[2026-05-31T11:25:38.411+0000] {logging_mixin.py:151} INFO - [2026-05-31T11:25:38.411+0000] {dag.py:3696} INFO - Setting next_dagrun for olist_spark_load to None, run_after=None
[2026-05-31T11:25:38.436+0000] {processor.py:179} INFO - Processing /opt/airflow/dags/spark_load_dag.py took 0.129 seconds
[2026-05-31T11:26:08.933+0000] {processor.py:157} INFO - Started process (PID=891) to work on /opt/airflow/dags/spark_load_dag.py
[2026-05-31T11:26:08.935+0000] {processor.py:829} INFO - Processing file /opt/airflow/dags/spark_load_dag.py for tasks to queue
[2026-05-31T11:26:08.937+0000] {logging_mixin.py:151} INFO - [2026-05-31T11:26:08.936+0000] {dagbag.py:539} INFO - Filling up the DagBag from /opt/airflow/dags/spark_load_dag.py
[2026-05-31T11:26:08.972+0000] {processor.py:839} INFO - DAG(s) dict_keys(['olist_spark_load']) retrieved from /opt/airflow/dags/spark_load_dag.py
[2026-05-31T11:26:09.008+0000] {logging_mixin.py:151} INFO - [2026-05-31T11:26:09.008+0000] {dag.py:2915} INFO - Sync 1 DAGs
[2026-05-31T11:26:09.024+0000] {logging_mixin.py:151} INFO - [2026-05-31T11:26:09.024+0000] {dag.py:3696} INFO - Setting next_dagrun for olist_spark_load to None, run_after=None
[2026-05-31T11:26:09.048+0000] {processor.py:179} INFO - Processing /opt/airflow/dags/spark_load_dag.py took 0.121 seconds
[2026-05-31T11:26:39.573+0000] {processor.py:157} INFO - Started process (PID=906) to work on /opt/airflow/dags/spark_load_dag.py
[2026-05-31T11:26:39.575+0000] {processor.py:829} INFO - Processing file /opt/airflow/dags/spark_load_dag.py for tasks to queue
[2026-05-31T11:26:39.576+0000] {logging_mixin.py:151} INFO - [2026-05-31T11:26:39.576+0000] {dagbag.py:539} INFO - Filling up the DagBag from /opt/airflow/dags/spark_load_dag.py
[2026-05-31T11:26:39.612+0000] {processor.py:839} INFO - DAG(s) dict_keys(['olist_spark_load']) retrieved from /opt/airflow/dags/spark_load_dag.py
[2026-05-31T11:26:39.648+0000] {logging_mixin.py:151} INFO - [2026-05-31T11:26:39.648+0000] {dag.py:2915} INFO - Sync 1 DAGs
[2026-05-31T11:26:39.663+0000] {logging_mixin.py:151} INFO - [2026-05-31T11:26:39.663+0000] {dag.py:3696} INFO - Setting next_dagrun for olist_spark_load to None, run_after=None
[2026-05-31T11:26:39.687+0000] {processor.py:179} INFO - Processing /opt/airflow/dags/spark_load_dag.py took 0.121 seconds
[2026-05-31T11:27:10.196+0000] {processor.py:157} INFO - Started process (PID=921) to work on /opt/airflow/dags/spark_load_dag.py
[2026-05-31T11:27:10.198+0000] {processor.py:829} INFO - Processing file /opt/airflow/dags/spark_load_dag.py for tasks to queue
[2026-05-31T11:27:10.199+0000] {logging_mixin.py:151} INFO - [2026-05-31T11:27:10.199+0000] {dagbag.py:539} INFO - Filling up the DagBag from /opt/airflow/dags/spark_load_dag.py
[2026-05-31T11:27:10.229+0000] {processor.py:839} INFO - DAG(s) dict_keys(['olist_spark_load']) retrieved from /opt/airflow/dags/spark_load_dag.py
[2026-05-31T11:27:10.269+0000] {logging_mixin.py:151} INFO - [2026-05-31T11:27:10.269+0000] {dag.py:2915} INFO - Sync 1 DAGs
[2026-05-31T11:27:10.283+0000] {logging_mixin.py:151} INFO - [2026-05-31T11:27:10.283+0000] {dag.py:3696} INFO - Setting next_dagrun for olist_spark_load to None, run_after=None
[2026-05-31T11:27:10.307+0000] {processor.py:179} INFO - Processing /opt/airflow/dags/spark_load_dag.py took 0.117 seconds
