[2026-05-26T04:17:55.896+0000] {taskinstance.py:1157} INFO - Dependencies all met for dep_context=non-requeueable deps ti=<TaskInstance: olist_data_ingestion.ingest_geolocation manual__2026-05-26T04:17:53.359916+00:00 [queued]>
[2026-05-26T04:17:55.918+0000] {taskinstance.py:1157} INFO - Dependencies all met for dep_context=requeueable deps ti=<TaskInstance: olist_data_ingestion.ingest_geolocation manual__2026-05-26T04:17:53.359916+00:00 [queued]>
[2026-05-26T04:17:55.919+0000] {taskinstance.py:1359} INFO - Starting attempt 1 of 2
[2026-05-26T04:17:55.951+0000] {taskinstance.py:1380} INFO - Executing <Task(PythonOperator): ingest_geolocation> on 2026-05-26 04:17:53.359916+00:00
[2026-05-26T04:17:55.961+0000] {standard_task_runner.py:57} INFO - Started process 243 to run task
[2026-05-26T04:17:55.968+0000] {standard_task_runner.py:84} INFO - Running: ['airflow', 'tasks', 'run', 'olist_data_ingestion', 'ingest_geolocation', 'manual__2026-05-26T04:17:53.359916+00:00', '--job-id', '14', '--raw', '--subdir', 'DAGS_FOLDER/ingest_data_dag.py', '--cfg-path', '/tmp/tmpnn5uoupq']
[2026-05-26T04:17:55.978+0000] {standard_task_runner.py:85} INFO - Job 14: Subtask ingest_geolocation
[2026-05-26T04:17:56.118+0000] {task_command.py:415} INFO - Running <TaskInstance: olist_data_ingestion.ingest_geolocation manual__2026-05-26T04:17:53.359916+00:00 [running]> on host 5cf72765c701
[2026-05-26T04:17:56.345+0000] {taskinstance.py:1660} INFO - Exporting env vars: AIRFLOW_CTX_DAG_OWNER='data_engineer' AIRFLOW_CTX_DAG_ID='olist_data_ingestion' AIRFLOW_CTX_TASK_ID='ingest_geolocation' AIRFLOW_CTX_EXECUTION_DATE='2026-05-26T04:17:53.359916+00:00' AIRFLOW_CTX_TRY_NUMBER='1' AIRFLOW_CTX_DAG_RUN_ID='manual__2026-05-26T04:17:53.359916+00:00'
[2026-05-26T04:17:56.348+0000] {logging_mixin.py:151} INFO - Starting ingestion of olist_geolocation_dataset.csv into topic olist_geolocation...
[2026-05-26T04:17:56.350+0000] {kafka_producer.py:40} INFO - Connecting to Kafka broker at kafka:29092...
[2026-05-26T04:17:56.356+0000] {conn.py:400} INFO - <BrokerConnection client_id=kafka-python-producer-1, node_id=bootstrap-0 host=kafka:29092 <connecting> [IPv4 ('172.21.0.5', 29092)]>: connecting to kafka:29092 [('172.21.0.5', 29092) IPv4]
[2026-05-26T04:17:56.363+0000] {conn.py:622} INFO - <BrokerConnection client_id=kafka-python-producer-1, node_id=bootstrap-0 host=kafka:29092 <checking_api_versions_recv> [IPv4 ('172.21.0.5', 29092)]>: Broker version identified as 2.6
[2026-05-26T04:17:56.364+0000] {conn.py:461} INFO - <BrokerConnection client_id=kafka-python-producer-1, node_id=bootstrap-0 host=kafka:29092 <connected> [IPv4 ('172.21.0.5', 29092)]>: Connection complete.
[2026-05-26T04:17:56.367+0000] {kafka_producer.py:54} INFO - Starting ingestion: [File: olist_geolocation_dataset.csv] -> [Topic: olist_geolocation]
[2026-05-26T04:17:56.474+0000] {conn.py:400} INFO - <BrokerConnection client_id=kafka-python-producer-1, node_id=1 host=kafka:29092 <connecting> [IPv4 ('172.21.0.5', 29092)]>: connecting to kafka:29092 [('172.21.0.5', 29092) IPv4]
[2026-05-26T04:17:56.476+0000] {conn.py:461} INFO - <BrokerConnection client_id=kafka-python-producer-1, node_id=1 host=kafka:29092 <connected> [IPv4 ('172.21.0.5', 29092)]>: Connection complete.
[2026-05-26T04:17:56.477+0000] {conn.py:951} INFO - <BrokerConnection client_id=kafka-python-producer-1, node_id=bootstrap-0 host=kafka:29092 <connected> [IPv4 ('172.21.0.5', 29092)]>: Closing connection. 
[2026-05-26T04:18:01.276+0000] {kafka_producer.py:76} INFO - Ingested 20000 records so far...
[2026-05-26T04:18:05.584+0000] {kafka_producer.py:76} INFO - Ingested 40000 records so far...
[2026-05-26T04:18:09.018+0000] {kafka_producer.py:76} INFO - Ingested 60000 records so far...
[2026-05-26T04:18:12.341+0000] {kafka_producer.py:76} INFO - Ingested 80000 records so far...
[2026-05-26T04:18:15.236+0000] {kafka_producer.py:76} INFO - Ingested 100000 records so far...
[2026-05-26T04:18:18.117+0000] {kafka_producer.py:76} INFO - Ingested 120000 records so far...
[2026-05-26T04:18:20.509+0000] {kafka_producer.py:76} INFO - Ingested 140000 records so far...
[2026-05-26T04:18:23.134+0000] {kafka_producer.py:76} INFO - Ingested 160000 records so far...
[2026-05-26T04:18:25.895+0000] {kafka_producer.py:76} INFO - Ingested 180000 records so far...
[2026-05-26T04:18:28.371+0000] {kafka_producer.py:76} INFO - Ingested 200000 records so far...
[2026-05-26T04:18:30.778+0000] {kafka_producer.py:76} INFO - Ingested 220000 records so far...
[2026-05-26T04:18:33.406+0000] {kafka_producer.py:76} INFO - Ingested 240000 records so far...
[2026-05-26T04:18:35.878+0000] {kafka_producer.py:76} INFO - Ingested 260000 records so far...
[2026-05-26T04:18:38.458+0000] {kafka_producer.py:76} INFO - Ingested 280000 records so far...
[2026-05-26T04:18:41.386+0000] {kafka_producer.py:76} INFO - Ingested 300000 records so far...
[2026-05-26T04:18:43.808+0000] {kafka_producer.py:76} INFO - Ingested 320000 records so far...
[2026-05-26T04:18:46.486+0000] {kafka_producer.py:76} INFO - Ingested 340000 records so far...
[2026-05-26T04:18:49.014+0000] {kafka_producer.py:76} INFO - Ingested 360000 records so far...
[2026-05-26T04:18:51.519+0000] {kafka_producer.py:76} INFO - Ingested 380000 records so far...
[2026-05-26T04:18:53.947+0000] {kafka_producer.py:76} INFO - Ingested 400000 records so far...
[2026-05-26T04:18:56.554+0000] {kafka_producer.py:76} INFO - Ingested 420000 records so far...
[2026-05-26T04:18:59.085+0000] {kafka_producer.py:76} INFO - Ingested 440000 records so far...
[2026-05-26T04:19:01.853+0000] {kafka_producer.py:76} INFO - Ingested 460000 records so far...
[2026-05-26T04:19:04.489+0000] {kafka_producer.py:76} INFO - Ingested 480000 records so far...
[2026-05-26T04:19:07.273+0000] {kafka_producer.py:76} INFO - Ingested 500000 records so far...
[2026-05-26T04:19:09.890+0000] {kafka_producer.py:76} INFO - Ingested 520000 records so far...
[2026-05-26T04:19:12.541+0000] {kafka_producer.py:76} INFO - Ingested 540000 records so far...
[2026-05-26T04:19:15.396+0000] {kafka_producer.py:76} INFO - Ingested 560000 records so far...
[2026-05-26T04:19:18.495+0000] {kafka_producer.py:76} INFO - Ingested 580000 records so far...
[2026-05-26T04:19:21.476+0000] {kafka_producer.py:76} INFO - Ingested 600000 records so far...
[2026-05-26T04:19:24.513+0000] {kafka_producer.py:76} INFO - Ingested 620000 records so far...
[2026-05-26T04:19:27.821+0000] {kafka_producer.py:76} INFO - Ingested 640000 records so far...
[2026-05-26T04:19:30.812+0000] {kafka_producer.py:76} INFO - Ingested 660000 records so far...
[2026-05-26T04:19:33.369+0000] {kafka_producer.py:76} INFO - Ingested 680000 records so far...
[2026-05-26T04:19:36.009+0000] {kafka_producer.py:76} INFO - Ingested 700000 records so far...
[2026-05-26T04:19:38.624+0000] {kafka_producer.py:76} INFO - Ingested 720000 records so far...
[2026-05-26T04:19:41.040+0000] {kafka_producer.py:76} INFO - Ingested 740000 records so far...
[2026-05-26T04:19:43.511+0000] {kafka_producer.py:76} INFO - Ingested 760000 records so far...
[2026-05-26T04:19:45.983+0000] {kafka_producer.py:76} INFO - Ingested 780000 records so far...
[2026-05-26T04:19:48.908+0000] {kafka_producer.py:76} INFO - Ingested 800000 records so far...
[2026-05-26T04:19:52.231+0000] {kafka_producer.py:76} INFO - Ingested 820000 records so far...
[2026-05-26T04:19:55.816+0000] {kafka_producer.py:76} INFO - Ingested 840000 records so far...
[2026-05-26T04:19:59.624+0000] {kafka_producer.py:76} INFO - Ingested 860000 records so far...
[2026-05-26T04:20:03.386+0000] {kafka_producer.py:76} INFO - Ingested 880000 records so far...
[2026-05-26T04:20:06.995+0000] {kafka_producer.py:76} INFO - Ingested 900000 records so far...
[2026-05-26T04:20:10.445+0000] {kafka_producer.py:76} INFO - Ingested 920000 records so far...
[2026-05-26T04:20:13.294+0000] {kafka_producer.py:76} INFO - Ingested 940000 records so far...
[2026-05-26T04:20:16.090+0000] {kafka_producer.py:76} INFO - Ingested 960000 records so far...
[2026-05-26T04:20:18.826+0000] {kafka_producer.py:76} INFO - Ingested 980000 records so far...
[2026-05-26T04:20:21.443+0000] {kafka_producer.py:76} INFO - Ingested 1000000 records so far...
[2026-05-26T04:20:21.467+0000] {kafka_producer.py:79} INFO - Flushing producer batches to broker...
[2026-05-26T04:20:21.469+0000] {kafka_producer.py:81} INFO - Ingestion completed successfully! Total records sent: 1000163
[2026-05-26T04:20:21.469+0000] {kafka.py:633} INFO - <KafkaProducer client_id=kafka-python-producer-1 transactional_id=None>: Closing the Kafka producer with 9223372036.0 secs timeout.
[2026-05-26T04:20:21.470+0000] {conn.py:951} INFO - <BrokerConnection client_id=kafka-python-producer-1, node_id=1 host=kafka:29092 <connected> [IPv4 ('172.21.0.5', 29092)]>: Closing connection. 
[2026-05-26T04:20:21.471+0000] {logging_mixin.py:151} INFO - Ingestion successful for olist_geolocation_dataset.csv!
[2026-05-26T04:20:21.471+0000] {python.py:194} INFO - Done. Returned value was: None
[2026-05-26T04:20:21.485+0000] {taskinstance.py:1398} INFO - Marking task as SUCCESS. dag_id=olist_data_ingestion, task_id=ingest_geolocation, execution_date=20260526T041753, start_date=20260526T041755, end_date=20260526T042021
[2026-05-26T04:20:21.542+0000] {local_task_job_runner.py:228} INFO - Task exited with return code 0
[2026-05-26T04:20:21.583+0000] {taskinstance.py:2776} INFO - 1 downstream tasks scheduled from follow-on schedule check
