[2026-05-26T04:17:52.421+0000] {taskinstance.py:1157} INFO - Dependencies all met for dep_context=non-requeueable deps ti=<TaskInstance: olist_data_ingestion.ingest_geolocation manual__2026-05-26T04:17:50.431869+00:00 [queued]>
[2026-05-26T04:17:52.434+0000] {taskinstance.py:1157} INFO - Dependencies all met for dep_context=requeueable deps ti=<TaskInstance: olist_data_ingestion.ingest_geolocation manual__2026-05-26T04:17:50.431869+00:00 [queued]>
[2026-05-26T04:17:52.435+0000] {taskinstance.py:1359} INFO - Starting attempt 1 of 2
[2026-05-26T04:17:52.460+0000] {taskinstance.py:1380} INFO - Executing <Task(PythonOperator): ingest_geolocation> on 2026-05-26 04:17:50.431869+00:00
[2026-05-26T04:17:52.467+0000] {standard_task_runner.py:57} INFO - Started process 228 to run task
[2026-05-26T04:17:52.473+0000] {standard_task_runner.py:84} INFO - Running: ['airflow', 'tasks', 'run', 'olist_data_ingestion', 'ingest_geolocation', 'manual__2026-05-26T04:17:50.431869+00:00', '--job-id', '10', '--raw', '--subdir', 'DAGS_FOLDER/ingest_data_dag.py', '--cfg-path', '/tmp/tmp6alvyil4']
[2026-05-26T04:17:52.478+0000] {standard_task_runner.py:85} INFO - Job 10: Subtask ingest_geolocation
[2026-05-26T04:17:52.583+0000] {task_command.py:415} INFO - Running <TaskInstance: olist_data_ingestion.ingest_geolocation manual__2026-05-26T04:17:50.431869+00:00 [running]> on host 5cf72765c701
[2026-05-26T04:17:52.761+0000] {taskinstance.py:1660} INFO - Exporting env vars: AIRFLOW_CTX_DAG_OWNER='data_engineer' AIRFLOW_CTX_DAG_ID='olist_data_ingestion' AIRFLOW_CTX_TASK_ID='ingest_geolocation' AIRFLOW_CTX_EXECUTION_DATE='2026-05-26T04:17:50.431869+00:00' AIRFLOW_CTX_TRY_NUMBER='1' AIRFLOW_CTX_DAG_RUN_ID='manual__2026-05-26T04:17:50.431869+00:00'
[2026-05-26T04:17:52.764+0000] {logging_mixin.py:151} INFO - Starting ingestion of olist_geolocation_dataset.csv into topic olist_geolocation...
[2026-05-26T04:17:52.766+0000] {kafka_producer.py:40} INFO - Connecting to Kafka broker at kafka:29092...
[2026-05-26T04:17:52.770+0000] {conn.py:400} INFO - <BrokerConnection client_id=kafka-python-producer-1, node_id=bootstrap-0 host=kafka:29092 <connecting> [IPv4 ('172.21.0.5', 29092)]>: connecting to kafka:29092 [('172.21.0.5', 29092) IPv4]
[2026-05-26T04:17:52.776+0000] {conn.py:622} INFO - <BrokerConnection client_id=kafka-python-producer-1, node_id=bootstrap-0 host=kafka:29092 <checking_api_versions_recv> [IPv4 ('172.21.0.5', 29092)]>: Broker version identified as 2.6
[2026-05-26T04:17:52.777+0000] {conn.py:461} INFO - <BrokerConnection client_id=kafka-python-producer-1, node_id=bootstrap-0 host=kafka:29092 <connected> [IPv4 ('172.21.0.5', 29092)]>: Connection complete.
[2026-05-26T04:17:52.781+0000] {kafka_producer.py:54} INFO - Starting ingestion: [File: olist_geolocation_dataset.csv] -> [Topic: olist_geolocation]
[2026-05-26T04:17:52.884+0000] {conn.py:400} INFO - <BrokerConnection client_id=kafka-python-producer-1, node_id=1 host=kafka:29092 <connecting> [IPv4 ('172.21.0.5', 29092)]>: connecting to kafka:29092 [('172.21.0.5', 29092) IPv4]
[2026-05-26T04:17:52.886+0000] {conn.py:461} INFO - <BrokerConnection client_id=kafka-python-producer-1, node_id=1 host=kafka:29092 <connected> [IPv4 ('172.21.0.5', 29092)]>: Connection complete.
[2026-05-26T04:17:52.887+0000] {conn.py:951} INFO - <BrokerConnection client_id=kafka-python-producer-1, node_id=bootstrap-0 host=kafka:29092 <connected> [IPv4 ('172.21.0.5', 29092)]>: Closing connection. 
[2026-05-26T04:17:58.179+0000] {kafka_producer.py:76} INFO - Ingested 20000 records so far...
[2026-05-26T04:18:02.698+0000] {kafka_producer.py:76} INFO - Ingested 40000 records so far...
[2026-05-26T04:18:06.621+0000] {kafka_producer.py:76} INFO - Ingested 60000 records so far...
[2026-05-26T04:18:09.971+0000] {kafka_producer.py:76} INFO - Ingested 80000 records so far...
[2026-05-26T04:18:13.097+0000] {kafka_producer.py:76} INFO - Ingested 100000 records so far...
[2026-05-26T04:18:16.068+0000] {kafka_producer.py:76} INFO - Ingested 120000 records so far...
[2026-05-26T04:18:18.715+0000] {kafka_producer.py:76} INFO - Ingested 140000 records so far...
[2026-05-26T04:18:21.248+0000] {kafka_producer.py:76} INFO - Ingested 160000 records so far...
[2026-05-26T04:18:23.724+0000] {kafka_producer.py:76} INFO - Ingested 180000 records so far...
[2026-05-26T04:18:26.583+0000] {kafka_producer.py:76} INFO - Ingested 200000 records so far...
[2026-05-26T04:18:28.938+0000] {kafka_producer.py:76} INFO - Ingested 220000 records so far...
[2026-05-26T04:18:31.432+0000] {kafka_producer.py:76} INFO - Ingested 240000 records so far...
[2026-05-26T04:18:33.905+0000] {kafka_producer.py:76} INFO - Ingested 260000 records so far...
[2026-05-26T04:18:36.596+0000] {kafka_producer.py:76} INFO - Ingested 280000 records so far...
[2026-05-26T04:18:39.125+0000] {kafka_producer.py:76} INFO - Ingested 300000 records so far...
[2026-05-26T04:18:42.017+0000] {kafka_producer.py:76} INFO - Ingested 320000 records so far...
[2026-05-26T04:18:44.475+0000] {kafka_producer.py:76} INFO - Ingested 340000 records so far...
[2026-05-26T04:18:47.176+0000] {kafka_producer.py:76} INFO - Ingested 360000 records so far...
[2026-05-26T04:18:49.642+0000] {kafka_producer.py:76} INFO - Ingested 380000 records so far...
[2026-05-26T04:18:52.151+0000] {kafka_producer.py:76} INFO - Ingested 400000 records so far...
[2026-05-26T04:18:54.660+0000] {kafka_producer.py:76} INFO - Ingested 420000 records so far...
[2026-05-26T04:18:57.181+0000] {kafka_producer.py:76} INFO - Ingested 440000 records so far...
[2026-05-26T04:18:59.724+0000] {kafka_producer.py:76} INFO - Ingested 460000 records so far...
[2026-05-26T04:19:02.580+0000] {kafka_producer.py:76} INFO - Ingested 480000 records so far...
[2026-05-26T04:19:05.313+0000] {kafka_producer.py:76} INFO - Ingested 500000 records so far...
[2026-05-26T04:19:08.024+0000] {kafka_producer.py:76} INFO - Ingested 520000 records so far...
[2026-05-26T04:19:10.561+0000] {kafka_producer.py:76} INFO - Ingested 540000 records so far...
[2026-05-26T04:19:13.498+0000] {kafka_producer.py:76} INFO - Ingested 560000 records so far...
[2026-05-26T04:19:16.237+0000] {kafka_producer.py:76} INFO - Ingested 580000 records so far...
[2026-05-26T04:19:19.304+0000] {kafka_producer.py:76} INFO - Ingested 600000 records so far...
[2026-05-26T04:19:22.420+0000] {kafka_producer.py:76} INFO - Ingested 620000 records so far...
[2026-05-26T04:19:25.432+0000] {kafka_producer.py:76} INFO - Ingested 640000 records so far...
[2026-05-26T04:19:28.907+0000] {kafka_producer.py:76} INFO - Ingested 660000 records so far...
[2026-05-26T04:19:31.724+0000] {kafka_producer.py:76} INFO - Ingested 680000 records so far...
[2026-05-26T04:19:34.231+0000] {kafka_producer.py:76} INFO - Ingested 700000 records so far...
[2026-05-26T04:19:36.752+0000] {kafka_producer.py:76} INFO - Ingested 720000 records so far...
[2026-05-26T04:19:39.341+0000] {kafka_producer.py:76} INFO - Ingested 740000 records so far...
[2026-05-26T04:19:41.881+0000] {kafka_producer.py:76} INFO - Ingested 760000 records so far...
[2026-05-26T04:19:44.338+0000] {kafka_producer.py:76} INFO - Ingested 780000 records so far...
[2026-05-26T04:19:46.928+0000] {kafka_producer.py:76} INFO - Ingested 800000 records so far...
[2026-05-26T04:19:50.006+0000] {kafka_producer.py:76} INFO - Ingested 820000 records so far...
[2026-05-26T04:19:53.615+0000] {kafka_producer.py:76} INFO - Ingested 840000 records so far...
[2026-05-26T04:19:57.169+0000] {kafka_producer.py:76} INFO - Ingested 860000 records so far...
[2026-05-26T04:20:00.584+0000] {kafka_producer.py:76} INFO - Ingested 880000 records so far...
[2026-05-26T04:20:04.846+0000] {kafka_producer.py:76} INFO - Ingested 900000 records so far...
[2026-05-26T04:20:08.077+0000] {kafka_producer.py:76} INFO - Ingested 920000 records so far...
[2026-05-26T04:20:11.494+0000] {kafka_producer.py:76} INFO - Ingested 940000 records so far...
[2026-05-26T04:20:14.402+0000] {kafka_producer.py:76} INFO - Ingested 960000 records so far...
[2026-05-26T04:20:17.113+0000] {kafka_producer.py:76} INFO - Ingested 980000 records so far...
[2026-05-26T04:20:19.949+0000] {kafka_producer.py:76} INFO - Ingested 1000000 records so far...
[2026-05-26T04:20:19.969+0000] {kafka_producer.py:79} INFO - Flushing producer batches to broker...
[2026-05-26T04:20:19.975+0000] {kafka_producer.py:81} INFO - Ingestion completed successfully! Total records sent: 1000163
[2026-05-26T04:20:19.976+0000] {kafka.py:633} INFO - <KafkaProducer client_id=kafka-python-producer-1 transactional_id=None>: Closing the Kafka producer with 9223372036.0 secs timeout.
[2026-05-26T04:20:19.976+0000] {conn.py:951} INFO - <BrokerConnection client_id=kafka-python-producer-1, node_id=1 host=kafka:29092 <connected> [IPv4 ('172.21.0.5', 29092)]>: Closing connection. 
[2026-05-26T04:20:19.977+0000] {logging_mixin.py:151} INFO - Ingestion successful for olist_geolocation_dataset.csv!
[2026-05-26T04:20:19.980+0000] {python.py:194} INFO - Done. Returned value was: None
[2026-05-26T04:20:19.995+0000] {taskinstance.py:1398} INFO - Marking task as SUCCESS. dag_id=olist_data_ingestion, task_id=ingest_geolocation, execution_date=20260526T041750, start_date=20260526T041752, end_date=20260526T042019
[2026-05-26T04:20:20.046+0000] {local_task_job_runner.py:228} INFO - Task exited with return code 0
[2026-05-26T04:20:20.082+0000] {taskinstance.py:2776} INFO - 1 downstream tasks scheduled from follow-on schedule check
