[2026-05-31T11:06:51.752+0000] {taskinstance.py:1157} INFO - Dependencies all met for dep_context=non-requeueable deps ti=<TaskInstance: olist_spark_transform.display_spark_instructions manual__2026-05-31T11:06:50.124028+00:00 [queued]>
[2026-05-31T11:06:51.768+0000] {taskinstance.py:1157} INFO - Dependencies all met for dep_context=requeueable deps ti=<TaskInstance: olist_spark_transform.display_spark_instructions manual__2026-05-31T11:06:50.124028+00:00 [queued]>
[2026-05-31T11:06:51.769+0000] {taskinstance.py:1359} INFO - Starting attempt 1 of 2
[2026-05-31T11:06:51.788+0000] {taskinstance.py:1380} INFO - Executing <Task(PythonOperator): display_spark_instructions> on 2026-05-31 11:06:50.124028+00:00
[2026-05-31T11:06:51.796+0000] {standard_task_runner.py:57} INFO - Started process 261 to run task
[2026-05-31T11:06:51.807+0000] {standard_task_runner.py:84} INFO - Running: ['airflow', 'tasks', 'run', 'olist_spark_transform', 'display_spark_instructions', 'manual__2026-05-31T11:06:50.124028+00:00', '--job-id', '9', '--raw', '--subdir', 'DAGS_FOLDER/spark_transform_dag.py', '--cfg-path', '/tmp/tmp7wsb123c']
[2026-05-31T11:06:51.811+0000] {standard_task_runner.py:85} INFO - Job 9: Subtask display_spark_instructions
[2026-05-31T11:06:51.946+0000] {task_command.py:415} INFO - Running <TaskInstance: olist_spark_transform.display_spark_instructions manual__2026-05-31T11:06:50.124028+00:00 [running]> on host 3dcf11b00832
[2026-05-31T11:06:52.132+0000] {taskinstance.py:1660} INFO - Exporting env vars: AIRFLOW_CTX_DAG_OWNER='data_engineer' AIRFLOW_CTX_DAG_ID='olist_spark_transform' AIRFLOW_CTX_TASK_ID='display_spark_instructions' AIRFLOW_CTX_EXECUTION_DATE='2026-05-31T11:06:50.124028+00:00' AIRFLOW_CTX_TRY_NUMBER='1' AIRFLOW_CTX_DAG_RUN_ID='manual__2026-05-31T11:06:50.124028+00:00'
[2026-05-31T11:06:52.135+0000] {logging_mixin.py:151} INFO - =======================================================================
[2026-05-31T11:06:52.137+0000] {logging_mixin.py:151} INFO - APACHE SPARK DISTRIBUTED TRANSFORMATION ENGINE
[2026-05-31T11:06:52.138+0000] {logging_mixin.py:151} INFO - =======================================================================
[2026-05-31T11:06:52.139+0000] {logging_mixin.py:151} INFO - Untuk menjalankan transformasi PySpark secara terdistribusi di dalam
[2026-05-31T11:06:52.140+0000] {logging_mixin.py:151} INFO - cluster Spark Master & Spark Worker Anda, silakan jalankan perintah
[2026-05-31T11:06:52.141+0000] {logging_mixin.py:151} INFO - berikut di terminal/PowerShell host lokal Anda:
[2026-05-31T11:06:52.142+0000] {logging_mixin.py:151} INFO - docker exec -it spark-master spark-submit \
[2026-05-31T11:06:52.143+0000] {logging_mixin.py:151} INFO -   --packages org.apache.spark:spark-sql-kafka-0-10_2.12:3.5.0 \
[2026-05-31T11:06:52.145+0000] {logging_mixin.py:151} INFO -   /workspace/scripts/spark_transform.py
[2026-05-31T11:06:52.145+0000] {logging_mixin.py:151} INFO - Perintah di atas akan:
[2026-05-31T11:06:52.146+0000] {logging_mixin.py:151} INFO - 1. Mengunduh driver integrasi Kafka secara otomatis.
[2026-05-31T11:06:52.148+0000] {logging_mixin.py:151} INFO - 2. Menghubungkan ke broker Kafka dan mengkonsumsi seluruh topik JSON.
[2026-05-31T11:06:52.149+0000] {logging_mixin.py:151} INFO - 3. Memproses pembersihan data, data quality checks, dan feature engineering.
[2026-05-31T11:06:52.150+0000] {logging_mixin.py:151} INFO - 4. Menyimpan output terbersih ke dalam folder /workspace/tmp_transformed/.
[2026-05-31T11:06:52.151+0000] {logging_mixin.py:151} INFO - =======================================================================
[2026-05-31T11:06:52.152+0000] {python.py:194} INFO - Done. Returned value was: None
[2026-05-31T11:06:52.176+0000] {taskinstance.py:1398} INFO - Marking task as SUCCESS. dag_id=olist_spark_transform, task_id=display_spark_instructions, execution_date=20260531T110650, start_date=20260531T110651, end_date=20260531T110652
[2026-05-31T11:06:52.221+0000] {local_task_job_runner.py:228} INFO - Task exited with return code 0
[2026-05-31T11:06:52.257+0000] {taskinstance.py:2776} INFO - 1 downstream tasks scheduled from follow-on schedule check
