[2026-05-26T04:20:40.880+0000] {taskinstance.py:1157} INFO - Dependencies all met for dep_context=non-requeueable deps ti=<TaskInstance: olist_data_ingestion.ingest_geolocation manual__2026-05-26T04:20:38.633901+00:00 [queued]>
[2026-05-26T04:20:40.896+0000] {taskinstance.py:1157} INFO - Dependencies all met for dep_context=requeueable deps ti=<TaskInstance: olist_data_ingestion.ingest_geolocation manual__2026-05-26T04:20:38.633901+00:00 [queued]>
[2026-05-26T04:20:40.897+0000] {taskinstance.py:1359} INFO - Starting attempt 1 of 2
[2026-05-26T04:20:40.922+0000] {taskinstance.py:1380} INFO - Executing <Task(PythonOperator): ingest_geolocation> on 2026-05-26 04:20:38.633901+00:00
[2026-05-26T04:20:40.930+0000] {standard_task_runner.py:57} INFO - Started process 304 to run task
[2026-05-26T04:20:40.934+0000] {standard_task_runner.py:84} INFO - Running: ['airflow', 'tasks', 'run', 'olist_data_ingestion', 'ingest_geolocation', 'manual__2026-05-26T04:20:38.633901+00:00', '--job-id', '23', '--raw', '--subdir', 'DAGS_FOLDER/ingest_data_dag.py', '--cfg-path', '/tmp/tmpw5sv_5ci']
[2026-05-26T04:20:40.938+0000] {standard_task_runner.py:85} INFO - Job 23: Subtask ingest_geolocation
[2026-05-26T04:20:41.042+0000] {task_command.py:415} INFO - Running <TaskInstance: olist_data_ingestion.ingest_geolocation manual__2026-05-26T04:20:38.633901+00:00 [running]> on host 5cf72765c701
[2026-05-26T04:20:41.234+0000] {taskinstance.py:1660} INFO - Exporting env vars: AIRFLOW_CTX_DAG_OWNER='data_engineer' AIRFLOW_CTX_DAG_ID='olist_data_ingestion' AIRFLOW_CTX_TASK_ID='ingest_geolocation' AIRFLOW_CTX_EXECUTION_DATE='2026-05-26T04:20:38.633901+00:00' AIRFLOW_CTX_TRY_NUMBER='1' AIRFLOW_CTX_DAG_RUN_ID='manual__2026-05-26T04:20:38.633901+00:00'
[2026-05-26T04:20:41.237+0000] {logging_mixin.py:151} INFO - Starting ingestion of olist_geolocation_dataset.csv into topic olist_geolocation...
[2026-05-26T04:20:41.240+0000] {kafka_producer.py:40} INFO - Connecting to Kafka broker at kafka:29092...
[2026-05-26T04:20:41.246+0000] {conn.py:400} INFO - <BrokerConnection client_id=kafka-python-producer-1, node_id=bootstrap-0 host=kafka:29092 <connecting> [IPv4 ('172.21.0.5', 29092)]>: connecting to kafka:29092 [('172.21.0.5', 29092) IPv4]
[2026-05-26T04:20:41.251+0000] {conn.py:622} INFO - <BrokerConnection client_id=kafka-python-producer-1, node_id=bootstrap-0 host=kafka:29092 <checking_api_versions_recv> [IPv4 ('172.21.0.5', 29092)]>: Broker version identified as 2.6
[2026-05-26T04:20:41.253+0000] {conn.py:461} INFO - <BrokerConnection client_id=kafka-python-producer-1, node_id=bootstrap-0 host=kafka:29092 <connected> [IPv4 ('172.21.0.5', 29092)]>: Connection complete.
[2026-05-26T04:20:41.257+0000] {kafka_producer.py:54} INFO - Starting ingestion: [File: olist_geolocation_dataset.csv] -> [Topic: olist_geolocation]
[2026-05-26T04:20:41.361+0000] {conn.py:400} INFO - <BrokerConnection client_id=kafka-python-producer-1, node_id=1 host=kafka:29092 <connecting> [IPv4 ('172.21.0.5', 29092)]>: connecting to kafka:29092 [('172.21.0.5', 29092) IPv4]
[2026-05-26T04:20:41.362+0000] {conn.py:461} INFO - <BrokerConnection client_id=kafka-python-producer-1, node_id=1 host=kafka:29092 <connected> [IPv4 ('172.21.0.5', 29092)]>: Connection complete.
[2026-05-26T04:20:41.362+0000] {conn.py:951} INFO - <BrokerConnection client_id=kafka-python-producer-1, node_id=bootstrap-0 host=kafka:29092 <connected> [IPv4 ('172.21.0.5', 29092)]>: Closing connection. 
[2026-05-26T04:20:45.332+0000] {kafka_producer.py:76} INFO - Ingested 20000 records so far...
[2026-05-26T04:20:51.298+0000] {kafka_producer.py:76} INFO - Ingested 40000 records so far...
[2026-05-26T04:20:56.224+0000] {kafka_producer.py:76} INFO - Ingested 60000 records so far...
[2026-05-26T04:21:00.860+0000] {kafka_producer.py:76} INFO - Ingested 80000 records so far...
[2026-05-26T04:21:05.065+0000] {kafka_producer.py:76} INFO - Ingested 100000 records so far...
[2026-05-26T04:21:09.225+0000] {kafka_producer.py:76} INFO - Ingested 120000 records so far...
[2026-05-26T04:21:13.096+0000] {kafka_producer.py:76} INFO - Ingested 140000 records so far...
[2026-05-26T04:21:16.624+0000] {kafka_producer.py:76} INFO - Ingested 160000 records so far...
[2026-05-26T04:21:19.560+0000] {kafka_producer.py:76} INFO - Ingested 180000 records so far...
[2026-05-26T04:21:22.025+0000] {kafka_producer.py:76} INFO - Ingested 200000 records so far...
[2026-05-26T04:21:24.817+0000] {kafka_producer.py:76} INFO - Ingested 220000 records so far...
[2026-05-26T04:21:27.349+0000] {kafka_producer.py:76} INFO - Ingested 240000 records so far...
[2026-05-26T04:21:29.631+0000] {kafka_producer.py:76} INFO - Ingested 260000 records so far...
[2026-05-26T04:21:31.988+0000] {kafka_producer.py:76} INFO - Ingested 280000 records so far...
[2026-05-26T04:21:34.213+0000] {kafka_producer.py:76} INFO - Ingested 300000 records so far...
[2026-05-26T04:21:36.547+0000] {kafka_producer.py:76} INFO - Ingested 320000 records so far...
[2026-05-26T04:21:38.722+0000] {kafka_producer.py:76} INFO - Ingested 340000 records so far...
[2026-05-26T04:21:40.956+0000] {kafka_producer.py:76} INFO - Ingested 360000 records so far...
[2026-05-26T04:21:43.244+0000] {kafka_producer.py:76} INFO - Ingested 380000 records so far...
[2026-05-26T04:21:45.589+0000] {kafka_producer.py:76} INFO - Ingested 400000 records so far...
[2026-05-26T04:21:47.986+0000] {kafka_producer.py:76} INFO - Ingested 420000 records so far...
[2026-05-26T04:21:50.183+0000] {kafka_producer.py:76} INFO - Ingested 440000 records so far...
[2026-05-26T04:21:52.962+0000] {kafka_producer.py:76} INFO - Ingested 460000 records so far...
[2026-05-26T04:21:55.301+0000] {kafka_producer.py:76} INFO - Ingested 480000 records so far...
[2026-05-26T04:21:57.713+0000] {kafka_producer.py:76} INFO - Ingested 500000 records so far...
[2026-05-26T04:21:59.981+0000] {kafka_producer.py:76} INFO - Ingested 520000 records so far...
[2026-05-26T04:22:02.325+0000] {kafka_producer.py:76} INFO - Ingested 540000 records so far...
[2026-05-26T04:22:04.776+0000] {kafka_producer.py:76} INFO - Ingested 560000 records so far...
[2026-05-26T04:22:07.184+0000] {kafka_producer.py:76} INFO - Ingested 580000 records so far...
[2026-05-26T04:22:09.529+0000] {kafka_producer.py:76} INFO - Ingested 600000 records so far...
[2026-05-26T04:22:11.974+0000] {kafka_producer.py:76} INFO - Ingested 620000 records so far...
[2026-05-26T04:22:14.188+0000] {kafka_producer.py:76} INFO - Ingested 640000 records so far...
[2026-05-26T04:22:17.071+0000] {kafka_producer.py:76} INFO - Ingested 660000 records so far...
[2026-05-26T04:22:19.807+0000] {kafka_producer.py:76} INFO - Ingested 680000 records so far...
[2026-05-26T04:22:22.887+0000] {kafka_producer.py:76} INFO - Ingested 700000 records so far...
[2026-05-26T04:22:25.681+0000] {kafka_producer.py:76} INFO - Ingested 720000 records so far...
[2026-05-26T04:22:28.494+0000] {kafka_producer.py:76} INFO - Ingested 740000 records so far...
[2026-05-26T04:22:31.465+0000] {kafka_producer.py:76} INFO - Ingested 760000 records so far...
[2026-05-26T04:22:33.879+0000] {kafka_producer.py:76} INFO - Ingested 780000 records so far...
[2026-05-26T04:22:36.496+0000] {kafka_producer.py:76} INFO - Ingested 800000 records so far...
[2026-05-26T04:22:39.140+0000] {kafka_producer.py:76} INFO - Ingested 820000 records so far...
[2026-05-26T04:22:41.543+0000] {kafka_producer.py:76} INFO - Ingested 840000 records so far...
[2026-05-26T04:22:44.249+0000] {kafka_producer.py:76} INFO - Ingested 860000 records so far...
[2026-05-26T04:22:46.904+0000] {kafka_producer.py:76} INFO - Ingested 880000 records so far...
[2026-05-26T04:22:49.345+0000] {kafka_producer.py:76} INFO - Ingested 900000 records so far...
[2026-05-26T04:22:51.690+0000] {kafka_producer.py:76} INFO - Ingested 920000 records so far...
[2026-05-26T04:22:54.129+0000] {kafka_producer.py:76} INFO - Ingested 940000 records so far...
[2026-05-26T04:22:56.623+0000] {kafka_producer.py:76} INFO - Ingested 960000 records so far...
[2026-05-26T04:22:59.122+0000] {kafka_producer.py:76} INFO - Ingested 980000 records so far...
[2026-05-26T04:23:01.343+0000] {kafka_producer.py:76} INFO - Ingested 1000000 records so far...
[2026-05-26T04:23:01.375+0000] {kafka_producer.py:79} INFO - Flushing producer batches to broker...
[2026-05-26T04:23:01.379+0000] {kafka_producer.py:81} INFO - Ingestion completed successfully! Total records sent: 1000163
[2026-05-26T04:23:01.379+0000] {kafka.py:633} INFO - <KafkaProducer client_id=kafka-python-producer-1 transactional_id=None>: Closing the Kafka producer with 9223372036.0 secs timeout.
[2026-05-26T04:23:01.380+0000] {conn.py:951} INFO - <BrokerConnection client_id=kafka-python-producer-1, node_id=1 host=kafka:29092 <connected> [IPv4 ('172.21.0.5', 29092)]>: Closing connection. 
[2026-05-26T04:23:01.382+0000] {logging_mixin.py:151} INFO - Ingestion successful for olist_geolocation_dataset.csv!
[2026-05-26T04:23:01.382+0000] {python.py:194} INFO - Done. Returned value was: None
[2026-05-26T04:23:01.407+0000] {taskinstance.py:1398} INFO - Marking task as SUCCESS. dag_id=olist_data_ingestion, task_id=ingest_geolocation, execution_date=20260526T042038, start_date=20260526T042040, end_date=20260526T042301
[2026-05-26T04:23:01.471+0000] {local_task_job_runner.py:228} INFO - Task exited with return code 0
[2026-05-26T04:23:01.509+0000] {taskinstance.py:2776} INFO - 1 downstream tasks scheduled from follow-on schedule check
