[2026-05-26T04:11:00.968+0000] {taskinstance.py:1157} INFO - Dependencies all met for dep_context=non-requeueable deps ti=<TaskInstance: olist_data_ingestion.ingest_geolocation manual__2026-05-26T04:10:58.297010+00:00 [queued]>
[2026-05-26T04:11:00.987+0000] {taskinstance.py:1157} INFO - Dependencies all met for dep_context=requeueable deps ti=<TaskInstance: olist_data_ingestion.ingest_geolocation manual__2026-05-26T04:10:58.297010+00:00 [queued]>
[2026-05-26T04:11:00.989+0000] {taskinstance.py:1359} INFO - Starting attempt 1 of 2
[2026-05-26T04:11:01.071+0000] {taskinstance.py:1380} INFO - Executing <Task(PythonOperator): ingest_geolocation> on 2026-05-26 04:10:58.297010+00:00
[2026-05-26T04:11:01.083+0000] {standard_task_runner.py:57} INFO - Started process 220 to run task
[2026-05-26T04:11:01.088+0000] {standard_task_runner.py:84} INFO - Running: ['airflow', 'tasks', 'run', 'olist_data_ingestion', 'ingest_geolocation', 'manual__2026-05-26T04:10:58.297010+00:00', '--job-id', '3', '--raw', '--subdir', 'DAGS_FOLDER/ingest_data_dag.py', '--cfg-path', '/tmp/tmp4gu5p60i']
[2026-05-26T04:11:01.098+0000] {standard_task_runner.py:85} INFO - Job 3: Subtask ingest_geolocation
[2026-05-26T04:11:01.225+0000] {task_command.py:415} INFO - Running <TaskInstance: olist_data_ingestion.ingest_geolocation manual__2026-05-26T04:10:58.297010+00:00 [running]> on host 5e013cdc4c40
[2026-05-26T04:11:01.377+0000] {taskinstance.py:1660} INFO - Exporting env vars: AIRFLOW_CTX_DAG_OWNER='data_engineer' AIRFLOW_CTX_DAG_ID='olist_data_ingestion' AIRFLOW_CTX_TASK_ID='ingest_geolocation' AIRFLOW_CTX_EXECUTION_DATE='2026-05-26T04:10:58.297010+00:00' AIRFLOW_CTX_TRY_NUMBER='1' AIRFLOW_CTX_DAG_RUN_ID='manual__2026-05-26T04:10:58.297010+00:00'
[2026-05-26T04:11:01.382+0000] {logging_mixin.py:151} INFO - Starting ingestion of olist_geolocation_dataset.csv into topic olist_geolocation...
[2026-05-26T04:11:01.396+0000] {kafka_producer.py:40} INFO - Connecting to Kafka broker at kafka:29092...
[2026-05-26T04:11:01.403+0000] {conn.py:400} INFO - <BrokerConnection client_id=kafka-python-producer-1, node_id=bootstrap-0 host=kafka:29092 <connecting> [IPv4 ('172.21.0.5', 29092)]>: connecting to kafka:29092 [('172.21.0.5', 29092) IPv4]
[2026-05-26T04:11:01.412+0000] {conn.py:622} INFO - <BrokerConnection client_id=kafka-python-producer-1, node_id=bootstrap-0 host=kafka:29092 <checking_api_versions_recv> [IPv4 ('172.21.0.5', 29092)]>: Broker version identified as 2.6
[2026-05-26T04:11:01.413+0000] {conn.py:461} INFO - <BrokerConnection client_id=kafka-python-producer-1, node_id=bootstrap-0 host=kafka:29092 <connected> [IPv4 ('172.21.0.5', 29092)]>: Connection complete.
[2026-05-26T04:11:01.416+0000] {kafka_producer.py:54} INFO - Starting ingestion: [File: olist_geolocation_dataset.csv] -> [Topic: olist_geolocation]
[2026-05-26T04:11:01.520+0000] {conn.py:400} INFO - <BrokerConnection client_id=kafka-python-producer-1, node_id=1 host=kafka:29092 <connecting> [IPv4 ('172.21.0.5', 29092)]>: connecting to kafka:29092 [('172.21.0.5', 29092) IPv4]
[2026-05-26T04:11:01.522+0000] {conn.py:461} INFO - <BrokerConnection client_id=kafka-python-producer-1, node_id=1 host=kafka:29092 <connected> [IPv4 ('172.21.0.5', 29092)]>: Connection complete.
[2026-05-26T04:11:01.523+0000] {conn.py:951} INFO - <BrokerConnection client_id=kafka-python-producer-1, node_id=bootstrap-0 host=kafka:29092 <connected> [IPv4 ('172.21.0.5', 29092)]>: Closing connection. 
[2026-05-26T04:11:01.561+0000] {cluster.py:315} WARNING - Topic olist_geolocation is not available during auto-create initialization
[2026-05-26T04:11:01.668+0000] {cluster.py:315} WARNING - Topic olist_geolocation is not available during auto-create initialization
[2026-05-26T04:11:04.977+0000] {kafka_producer.py:76} INFO - Ingested 20000 records so far...
[2026-05-26T04:11:07.513+0000] {kafka_producer.py:76} INFO - Ingested 40000 records so far...
[2026-05-26T04:11:10.588+0000] {kafka_producer.py:76} INFO - Ingested 60000 records so far...
[2026-05-26T04:11:13.333+0000] {kafka_producer.py:76} INFO - Ingested 80000 records so far...
[2026-05-26T04:11:16.094+0000] {kafka_producer.py:76} INFO - Ingested 100000 records so far...
[2026-05-26T04:11:18.891+0000] {kafka_producer.py:76} INFO - Ingested 120000 records so far...
[2026-05-26T04:11:21.856+0000] {kafka_producer.py:76} INFO - Ingested 140000 records so far...
[2026-05-26T04:11:24.652+0000] {kafka_producer.py:76} INFO - Ingested 160000 records so far...
[2026-05-26T04:11:27.568+0000] {kafka_producer.py:76} INFO - Ingested 180000 records so far...
[2026-05-26T04:11:30.212+0000] {kafka_producer.py:76} INFO - Ingested 200000 records so far...
[2026-05-26T04:11:33.002+0000] {kafka_producer.py:76} INFO - Ingested 220000 records so far...
[2026-05-26T04:11:35.972+0000] {kafka_producer.py:76} INFO - Ingested 240000 records so far...
[2026-05-26T04:11:38.637+0000] {kafka_producer.py:76} INFO - Ingested 260000 records so far...
[2026-05-26T04:11:41.162+0000] {kafka_producer.py:76} INFO - Ingested 280000 records so far...
[2026-05-26T04:11:43.475+0000] {kafka_producer.py:76} INFO - Ingested 300000 records so far...
[2026-05-26T04:11:46.472+0000] {kafka_producer.py:76} INFO - Ingested 320000 records so far...
[2026-05-26T04:11:49.292+0000] {kafka_producer.py:76} INFO - Ingested 340000 records so far...
[2026-05-26T04:11:51.769+0000] {kafka_producer.py:76} INFO - Ingested 360000 records so far...
[2026-05-26T04:11:54.058+0000] {kafka_producer.py:76} INFO - Ingested 380000 records so far...
[2026-05-26T04:11:56.439+0000] {kafka_producer.py:76} INFO - Ingested 400000 records so far...
[2026-05-26T04:11:58.724+0000] {kafka_producer.py:76} INFO - Ingested 420000 records so far...
[2026-05-26T04:12:01.230+0000] {kafka_producer.py:76} INFO - Ingested 440000 records so far...
[2026-05-26T04:12:03.702+0000] {kafka_producer.py:76} INFO - Ingested 460000 records so far...
[2026-05-26T04:12:06.142+0000] {kafka_producer.py:76} INFO - Ingested 480000 records so far...
[2026-05-26T04:12:08.457+0000] {kafka_producer.py:76} INFO - Ingested 500000 records so far...
[2026-05-26T04:12:10.922+0000] {kafka_producer.py:76} INFO - Ingested 520000 records so far...
[2026-05-26T04:12:13.286+0000] {kafka_producer.py:76} INFO - Ingested 540000 records so far...
[2026-05-26T04:12:15.738+0000] {kafka_producer.py:76} INFO - Ingested 560000 records so far...
[2026-05-26T04:12:17.985+0000] {kafka_producer.py:76} INFO - Ingested 580000 records so far...
[2026-05-26T04:12:20.346+0000] {kafka_producer.py:76} INFO - Ingested 600000 records so far...
[2026-05-26T04:12:22.544+0000] {kafka_producer.py:76} INFO - Ingested 620000 records so far...
[2026-05-26T04:12:24.824+0000] {kafka_producer.py:76} INFO - Ingested 640000 records so far...
[2026-05-26T04:12:27.128+0000] {kafka_producer.py:76} INFO - Ingested 660000 records so far...
[2026-05-26T04:12:29.446+0000] {kafka_producer.py:76} INFO - Ingested 680000 records so far...
[2026-05-26T04:12:31.747+0000] {kafka_producer.py:76} INFO - Ingested 700000 records so far...
[2026-05-26T04:12:34.184+0000] {kafka_producer.py:76} INFO - Ingested 720000 records so far...
[2026-05-26T04:12:36.460+0000] {kafka_producer.py:76} INFO - Ingested 740000 records so far...
[2026-05-26T04:12:38.906+0000] {kafka_producer.py:76} INFO - Ingested 760000 records so far...
[2026-05-26T04:12:41.710+0000] {kafka_producer.py:76} INFO - Ingested 780000 records so far...
[2026-05-26T04:12:44.618+0000] {kafka_producer.py:76} INFO - Ingested 800000 records so far...
[2026-05-26T04:12:47.272+0000] {kafka_producer.py:76} INFO - Ingested 820000 records so far...
[2026-05-26T04:12:50.225+0000] {kafka_producer.py:76} INFO - Ingested 840000 records so far...
[2026-05-26T04:12:53.014+0000] {kafka_producer.py:76} INFO - Ingested 860000 records so far...
[2026-05-26T04:12:55.820+0000] {kafka_producer.py:76} INFO - Ingested 880000 records so far...
[2026-05-26T04:12:58.647+0000] {kafka_producer.py:76} INFO - Ingested 900000 records so far...
[2026-05-26T04:13:01.450+0000] {kafka_producer.py:76} INFO - Ingested 920000 records so far...
[2026-05-26T04:13:04.296+0000] {kafka_producer.py:76} INFO - Ingested 940000 records so far...
[2026-05-26T04:13:07.238+0000] {kafka_producer.py:76} INFO - Ingested 960000 records so far...
[2026-05-26T04:13:10.043+0000] {kafka_producer.py:76} INFO - Ingested 980000 records so far...
[2026-05-26T04:13:13.086+0000] {kafka_producer.py:76} INFO - Ingested 1000000 records so far...
[2026-05-26T04:13:13.113+0000] {kafka_producer.py:79} INFO - Flushing producer batches to broker...
[2026-05-26T04:13:13.122+0000] {kafka_producer.py:81} INFO - Ingestion completed successfully! Total records sent: 1000163
[2026-05-26T04:13:13.123+0000] {kafka.py:633} INFO - <KafkaProducer client_id=kafka-python-producer-1 transactional_id=None>: Closing the Kafka producer with 9223372036.0 secs timeout.
[2026-05-26T04:13:13.123+0000] {conn.py:951} INFO - <BrokerConnection client_id=kafka-python-producer-1, node_id=1 host=kafka:29092 <connected> [IPv4 ('172.21.0.5', 29092)]>: Closing connection. 
[2026-05-26T04:13:13.124+0000] {logging_mixin.py:151} INFO - Ingestion successful for olist_geolocation_dataset.csv!
[2026-05-26T04:13:13.125+0000] {python.py:194} INFO - Done. Returned value was: None
[2026-05-26T04:13:13.141+0000] {taskinstance.py:1398} INFO - Marking task as SUCCESS. dag_id=olist_data_ingestion, task_id=ingest_geolocation, execution_date=20260526T041058, start_date=20260526T041100, end_date=20260526T041313
[2026-05-26T04:13:13.200+0000] {local_task_job_runner.py:228} INFO - Task exited with return code 0
[2026-05-26T04:13:13.243+0000] {taskinstance.py:2776} INFO - 1 downstream tasks scheduled from follow-on schedule check
