[2026-05-31T11:06:48.362+0000] {taskinstance.py:1157} INFO - Dependencies all met for dep_context=non-requeueable deps ti=<TaskInstance: olist_spark_load.display_load_instructions manual__2026-05-31T11:06:47.133657+00:00 [queued]>
[2026-05-31T11:06:48.376+0000] {taskinstance.py:1157} INFO - Dependencies all met for dep_context=requeueable deps ti=<TaskInstance: olist_spark_load.display_load_instructions manual__2026-05-31T11:06:47.133657+00:00 [queued]>
[2026-05-31T11:06:48.377+0000] {taskinstance.py:1359} INFO - Starting attempt 1 of 2
[2026-05-31T11:06:48.399+0000] {taskinstance.py:1380} INFO - Executing <Task(PythonOperator): display_load_instructions> on 2026-05-31 11:06:47.133657+00:00
[2026-05-31T11:06:48.406+0000] {standard_task_runner.py:57} INFO - Started process 256 to run task
[2026-05-31T11:06:48.414+0000] {standard_task_runner.py:84} INFO - Running: ['airflow', 'tasks', 'run', 'olist_spark_load', 'display_load_instructions', 'manual__2026-05-31T11:06:47.133657+00:00', '--job-id', '7', '--raw', '--subdir', 'DAGS_FOLDER/spark_load_dag.py', '--cfg-path', '/tmp/tmpt3y2mqbe']
[2026-05-31T11:06:48.419+0000] {standard_task_runner.py:85} INFO - Job 7: Subtask display_load_instructions
[2026-05-31T11:06:48.510+0000] {task_command.py:415} INFO - Running <TaskInstance: olist_spark_load.display_load_instructions manual__2026-05-31T11:06:47.133657+00:00 [running]> on host 3dcf11b00832
[2026-05-31T11:06:48.608+0000] {taskinstance.py:1660} INFO - Exporting env vars: AIRFLOW_CTX_DAG_OWNER='data_engineer' AIRFLOW_CTX_DAG_ID='olist_spark_load' AIRFLOW_CTX_TASK_ID='display_load_instructions' AIRFLOW_CTX_EXECUTION_DATE='2026-05-31T11:06:47.133657+00:00' AIRFLOW_CTX_TRY_NUMBER='1' AIRFLOW_CTX_DAG_RUN_ID='manual__2026-05-31T11:06:47.133657+00:00'
[2026-05-31T11:06:48.610+0000] {logging_mixin.py:151} INFO - =======================================================================
[2026-05-31T11:06:48.611+0000] {logging_mixin.py:151} INFO - APACHE SPARK POSTGRESQL DATABASE DWH LOADER
[2026-05-31T11:06:48.611+0000] {logging_mixin.py:151} INFO - =======================================================================
[2026-05-31T11:06:48.612+0000] {logging_mixin.py:151} INFO - Untuk menjalankan proses loading dari penyimpanan Parquet ke dalam
[2026-05-31T11:06:48.613+0000] {logging_mixin.py:151} INFO - database PostgreSQL Data Warehouse Anda, silakan jalankan perintah
[2026-05-31T11:06:48.613+0000] {logging_mixin.py:151} INFO - berikut di terminal/PowerShell host lokal Anda:
[2026-05-31T11:06:48.614+0000] {logging_mixin.py:151} INFO - docker exec -it spark-master spark-submit \
[2026-05-31T11:06:48.614+0000] {logging_mixin.py:151} INFO -   --packages org.***ql:***ql:42.6.0 \
[2026-05-31T11:06:48.615+0000] {logging_mixin.py:151} INFO -   /workspace/scripts/spark_load.py
[2026-05-31T11:06:48.616+0000] {logging_mixin.py:151} INFO - Perintah di atas akan:
[2026-05-31T11:06:48.617+0000] {logging_mixin.py:151} INFO - 1. Mengunduh driver PostgreSQL JDBC secara otomatis.
[2026-05-31T11:06:48.617+0000] {logging_mixin.py:151} INFO - 2. Membaca 6 tabel Parquet bersih dari folder /workspace/tmp_transformed/.
[2026-05-31T11:06:48.617+0000] {logging_mixin.py:151} INFO - 3. Memuat dimensi (customers, products, sellers, reviews, time) terlebih dahulu.
[2026-05-31T11:06:48.618+0000] {logging_mixin.py:151} INFO - 4. Memuat tabel fakta (fact_sales_transactions) terakhir secara aman.
[2026-05-31T11:06:48.619+0000] {logging_mixin.py:151} INFO - =======================================================================
[2026-05-31T11:06:48.619+0000] {python.py:194} INFO - Done. Returned value was: None
[2026-05-31T11:06:48.633+0000] {taskinstance.py:1398} INFO - Marking task as SUCCESS. dag_id=olist_spark_load, task_id=display_load_instructions, execution_date=20260531T110647, start_date=20260531T110648, end_date=20260531T110648
[2026-05-31T11:06:48.665+0000] {local_task_job_runner.py:228} INFO - Task exited with return code 0
[2026-05-31T11:06:48.692+0000] {taskinstance.py:2776} INFO - 1 downstream tasks scheduled from follow-on schedule check
